26/May/2019:17:21:13 +0800,remote_addr,POST /tensorflow.WorkerService/GetStatus HTTP/2.0,283,201,200
26/May/2019:17:21:15 +0800,remote_addr,POST /tensorflow.WorkerService/RegisterGraph HTTP/2.0,32009,163,200
26/May/2019:17:21:16 +0800,remote_addr,POST /tensorflow.WorkerService/RunGraph HTTP/2.0,81,20809,200
26/May/2019:17:21:16 +0800,remote_addr,POST /tensorflow.WorkerService/Logging HTTP/2.0,48,150,200
26/May/2019:17:21:16 +0800,remote_addr,POST /tensorflow.WorkerService/Logging HTTP/2.0,25,150,200
26/May/2019:17:21:16 +0800,remote_addr,POST /tensorflow.WorkerService/CleanupGraph HTTP/2.0,63,145,200
26/May/2019:17:22:26 +0800,remote_addr,POST /tensorflow.WorkerService/RegisterGraph HTTP/2.0,92,163,200
26/May/2019:17:22:26 +0800,remote_addr,POST /tensorflow.WorkerService/RunGraph HTTP/2.0,44,147,200
26/May/2019:17:22:26 +0800,remote_addr,POST /tensorflow.WorkerService/CleanupGraph HTTP/2.0,24,145,200
26/May/2019:17:22:26 +0800,remote_addr,POST /tensorflow.WorkerService/RegisterGraph HTTP/2.0,2038,163,200
26/May/2019:17:22:26 +0800,remote_addr,POST /tensorflow.WorkerService/RunGraph HTTP/2.0,44,147,200
26/May/2019:17:22:26 +0800,remote_addr,POST /tensorflow.WorkerService/RecvTensor HTTP/2.0,142,164,200
26/May/2019:17:22:26 +0800,remote_addr,POST /tensorflow.WorkerService/RecvTensor HTTP/2.0,179,161,200
26/May/2019:17:22:26 +0800,remote_addr,POST /tensorflow.WorkerService/CleanupGraph HTTP/2.0,24,145,200
26/May/2019:17:22:26 +0800,remote_addr,POST /tensorflow.WorkerService/RegisterGraph HTTP/2.0,1015,163,200
26/May/2019:17:22:26 +0800,remote_addr,POST /tensorflow.WorkerService/RunGraph HTTP/2.0,44,147,200
26/May/2019:17:22:26 +0800,remote_addr,POST /tensorflow.WorkerService/RecvTensor HTTP/2.0,142,164,200
26/May/2019:17:22:26 +0800,remote_addr,POST /tensorflow.WorkerService/CleanupGraph HTTP/2.0,24,145,200
26/May/2019:17:22:26 +0800,remote_addr,POST /tensorflow.WorkerService/RegisterGraph HTTP/2.0,503,163,200
26/May/2019:17:22:26 +0800,remote_addr,POST /tensorflow.WorkerService/RunGraph HTTP/2.0,44,147,200
26/May/2019:17:22:26 +0800,remote_addr,POST /tensorflow.WorkerService/RecvTensor HTTP/2.0,144,164,200
26/May/2019:17:22:26 +0800,remote_addr,POST /tensorflow.WorkerService/CleanupGraph HTTP/2.0,24,145,200
26/May/2019:17:22:26 +0800,remote_addr,POST /tensorflow.WorkerService/RegisterGraph HTTP/2.0,1047,163,200
26/May/2019:17:22:26 +0800,remote_addr,POST /tensorflow.WorkerService/RunGraph HTTP/2.0,44,147,200
26/May/2019:17:22:26 +0800,remote_addr,POST /tensorflow.WorkerService/RecvTensor HTTP/2.0,144,164,200
26/May/2019:17:22:26 +0800,remote_addr,POST /tensorflow.WorkerService/CleanupGraph HTTP/2.0,24,145,200
26/May/2019:17:22:26 +0800,remote_addr,POST /tensorflow.WorkerService/RegisterGraph HTTP/2.0,527,163,200
26/May/2019:17:22:26 +0800,remote_addr,POST /tensorflow.WorkerService/RunGraph HTTP/2.0,44,147,200
26/May/2019:17:22:26 +0800,remote_addr,POST /tensorflow.WorkerService/RecvTensor HTTP/2.0,150,164,200
26/May/2019:17:22:26 +0800,remote_addr,POST /tensorflow.WorkerService/CleanupGraph HTTP/2.0,24,145,200
26/May/2019:17:22:26 +0800,remote_addr,POST /tensorflow.WorkerService/RegisterGraph HTTP/2.0,1013,163,200
26/May/2019:17:22:26 +0800,remote_addr,POST /tensorflow.WorkerService/RunGraph HTTP/2.0,44,147,200
26/May/2019:17:22:26 +0800,remote_addr,POST /tensorflow.WorkerService/RecvTensor HTTP/2.0,139,164,200
26/May/2019:17:22:26 +0800,remote_addr,POST /tensorflow.WorkerService/CleanupGraph HTTP/2.0,24,145,200
26/May/2019:17:22:26 +0800,remote_addr,POST /tensorflow.WorkerService/RegisterGraph HTTP/2.0,1036,163,200
26/May/2019:17:22:26 +0800,remote_addr,POST /tensorflow.WorkerService/RunGraph HTTP/2.0,44,147,200
26/May/2019:17:22:26 +0800,remote_addr,POST /tensorflow.WorkerService/RecvTensor HTTP/2.0,141,161,200
26/May/2019:17:22:26 +0800,remote_addr,POST /tensorflow.WorkerService/CleanupGraph HTTP/2.0,24,145,200
26/May/2019:17:22:26 +0800,remote_addr,POST /tensorflow.WorkerService/RegisterGraph HTTP/2.0,507,163,200
26/May/2019:17:22:26 +0800,remote_addr,POST /tensorflow.WorkerService/RunGraph HTTP/2.0,44,147,200
26/May/2019:17:22:26 +0800,remote_addr,POST /tensorflow.WorkerService/RecvTensor HTTP/2.0,145,168,200
26/May/2019:17:22:26 +0800,remote_addr,POST /tensorflow.WorkerService/CleanupGraph HTTP/2.0,24,145,200
26/May/2019:17:23:47 +0800,remote_addr,POST /tensorflow.WorkerService/RegisterGraph HTTP/2.0,33764,164,200
26/May/2019:17:23:48 +0800,remote_addr,POST /tensorflow.WorkerService/RecvTensor HTTP/2.0,146,169,200
26/May/2019:17:23:48 +0800,remote_addr,POST /tensorflow.WorkerService/RecvTensor HTTP/2.0,224,175,200
26/May/2019:17:23:48 +0800,remote_addr,POST /tensorflow.WorkerService/RecvTensor HTTP/2.0,155,1070,200
26/May/2019:17:23:48 +0800,remote_addr,POST /tensorflow.WorkerService/RecvTensor HTTP/2.0,195,171,200
26/May/2019:17:23:48 +0800,remote_addr,POST /tensorflow.WorkerService/RecvTensor HTTP/2.0,161,189698,200
26/May/2019:17:23:48 +0800,remote_addr,POST /tensorflow.WorkerService/RecvTensor HTTP/2.0,168,4270,200
26/May/2019:17:23:48 +0800,remote_addr,POST /tensorflow.WorkerService/RecvTensor HTTP/2.0,168,2218,200
26/May/2019:17:23:48 +0800,remote_addr,POST /tensorflow.WorkerService/RecvTensor HTTP/2.0,165,8371,200
26/May/2019:17:23:48 +0800,remote_addr,POST /tensorflow.WorkerService/RecvTensor HTTP/2.0,197,36876,200
26/May/2019:17:23:48 +0800,remote_addr,POST /tensorflow.WorkerService/RecvTensor HTTP/2.0,194,73581,200
26/May/2019:17:23:48 +0800,remote_addr,POST /tensorflow.WorkerService/RecvTensor HTTP/2.0,197,822584,200
26/May/2019:17:23:48 +0800,remote_addr,POST /tensorflow.WorkerService/RunGraph HTTP/2.0,46,21860,200
26/May/2019:17:23:48 +0800,remote_addr,POST /tensorflow.WorkerService/Logging HTTP/2.0,14,151,200
26/May/2019:17:23:48 +0800,remote_addr,POST /tensorflow.WorkerService/Logging HTTP/2.0,25,151,200
26/May/2019:17:23:48 +0800,remote_addr,POST /tensorflow.WorkerService/CleanupGraph HTTP/2.0,24,146,200
26/May/2019:17:25:12 +0800,remote_addr,POST /tensorflow.WorkerService/RecvTensor HTTP/2.0,146,168,200
26/May/2019:17:25:12 +0800,remote_addr,POST /tensorflow.WorkerService/RecvTensor HTTP/2.0,155,1069,200
26/May/2019:17:25:12 +0800,remote_addr,POST /tensorflow.WorkerService/RecvTensor HTTP/2.0,224,174,200
26/May/2019:17:25:12 +0800,remote_addr,POST /tensorflow.WorkerService/RecvTensor HTTP/2.0,195,170,200
26/May/2019:17:25:12 +0800,remote_addr,POST /tensorflow.WorkerService/RecvTensor HTTP/2.0,161,189679,200
26/May/2019:17:25:12 +0800,remote_addr,POST /tensorflow.WorkerService/RecvTensor HTTP/2.0,168,4269,200
26/May/2019:17:25:12 +0800,remote_addr,POST /tensorflow.WorkerService/RecvTensor HTTP/2.0,168,2217,200
26/May/2019:17:25:12 +0800,remote_addr,POST /tensorflow.WorkerService/RecvTensor HTTP/2.0,165,8370,200
26/May/2019:17:25:12 +0800,remote_addr,POST /tensorflow.WorkerService/RecvTensor HTTP/2.0,194,81684,200
26/May/2019:17:25:12 +0800,remote_addr,POST /tensorflow.WorkerService/RecvTensor HTTP/2.0,197,40936,200
26/May/2019:17:25:12 +0800,remote_addr,POST /tensorflow.WorkerService/RecvTensor HTTP/2.0,197,823115,200
26/May/2019:17:25:12 +0800,remote_addr,POST /tensorflow.WorkerService/RunGraph HTTP/2.0,46,21857,200
26/May/2019:17:25:12 +0800,remote_addr,POST /tensorflow.WorkerService/Logging HTTP/2.0,14,150,200
26/May/2019:17:25:12 +0800,remote_addr,POST /tensorflow.WorkerService/Logging HTTP/2.0,25,150,200
26/May/2019:17:25:12 +0800,remote_addr,POST /tensorflow.WorkerService/CleanupGraph HTTP/2.0,24,145,200
26/May/2019:17:26:28 +0800,remote_addr,POST /tensorflow.WorkerService/RecvTensor HTTP/2.0,146,168,200
26/May/2019:17:26:28 +0800,remote_addr,POST /tensorflow.WorkerService/RecvTensor HTTP/2.0,195,170,200
26/May/2019:17:26:28 +0800,remote_addr,POST /tensorflow.WorkerService/RecvTensor HTTP/2.0,224,174,200
26/May/2019:17:26:28 +0800,remote_addr,POST /tensorflow.WorkerService/RecvTensor HTTP/2.0,155,1069,200
26/May/2019:17:26:28 +0800,remote_addr,POST /tensorflow.WorkerService/RecvTensor HTTP/2.0,161,189688,200
26/May/2019:17:26:28 +0800,remote_addr,POST /tensorflow.WorkerService/RecvTensor HTTP/2.0,168,4269,200
26/May/2019:17:26:28 +0800,remote_addr,POST /tensorflow.WorkerService/RecvTensor HTTP/2.0,168,2217,200
26/May/2019:17:26:28 +0800,remote_addr,POST /tensorflow.WorkerService/RecvTensor HTTP/2.0,165,8370,200
26/May/2019:17:26:28 +0800,remote_addr,POST /tensorflow.WorkerService/RecvTensor HTTP/2.0,194,87309,200
26/May/2019:17:26:28 +0800,remote_addr,POST /tensorflow.WorkerService/RecvTensor HTTP/2.0,197,43744,200
26/May/2019:17:26:28 +0800,remote_addr,POST /tensorflow.WorkerService/RecvTensor HTTP/2.0,197,826344,200
26/May/2019:17:26:28 +0800,remote_addr,POST /tensorflow.WorkerService/RunGraph HTTP/2.0,46,21855,200
26/May/2019:17:26:28 +0800,remote_addr,POST /tensorflow.WorkerService/Logging HTTP/2.0,14,150,200
26/May/2019:17:26:28 +0800,remote_addr,POST /tensorflow.WorkerService/Logging HTTP/2.0,25,150,200
26/May/2019:17:26:28 +0800,remote_addr,POST /tensorflow.WorkerService/CleanupGraph HTTP/2.0,24,145,200
26/May/2019:17:26:29 +0800,remote_addr,POST /tensorflow.WorkerService/RecvTensor HTTP/2.0,146,168,200
26/May/2019:17:26:29 +0800,remote_addr,POST /tensorflow.WorkerService/RecvTensor HTTP/2.0,155,1069,200
26/May/2019:17:26:29 +0800,remote_addr,POST /tensorflow.WorkerService/RecvTensor HTTP/2.0,195,170,200
26/May/2019:17:26:29 +0800,remote_addr,POST /tensorflow.WorkerService/RecvTensor HTTP/2.0,224,174,200
26/May/2019:17:26:29 +0800,remote_addr,POST /tensorflow.WorkerService/RecvTensor HTTP/2.0,161,189679,200
26/May/2019:17:26:29 +0800,remote_addr,POST /tensorflow.WorkerService/RecvTensor HTTP/2.0,168,4269,200
26/May/2019:17:26:29 +0800,remote_addr,POST /tensorflow.WorkerService/RecvTensor HTTP/2.0,168,2217,200
26/May/2019:17:26:29 +0800,remote_addr,POST /tensorflow.WorkerService/RecvTensor HTTP/2.0,165,8370,200
26/May/2019:17:26:29 +0800,remote_addr,POST /tensorflow.WorkerService/RecvTensor HTTP/2.0,197,44900,200
26/May/2019:17:26:29 +0800,remote_addr,POST /tensorflow.WorkerService/RecvTensor HTTP/2.0,194,89630,200
26/May/2019:17:26:29 +0800,remote_addr,POST /tensorflow.WorkerService/RecvTensor HTTP/2.0,197,803608,200
26/May/2019:17:26:29 +0800,remote_addr,POST /tensorflow.WorkerService/RunGraph HTTP/2.0,46,21855,200
26/May/2019:17:26:29 +0800,remote_addr,POST /tensorflow.WorkerService/Logging HTTP/2.0,14,150,200
26/May/2019:17:26:29 +0800,remote_addr,POST /tensorflow.WorkerService/Logging HTTP/2.0,25,150,200
26/May/2019:17:26:29 +0800,remote_addr,POST /tensorflow.WorkerService/CleanupGraph HTTP/2.0,24,145,200
26/May/2019:17:26:30 +0800,remote_addr,POST /tensorflow.WorkerService/RecvTensor HTTP/2.0,146,168,200
26/May/2019:17:26:30 +0800,remote_addr,POST /tensorflow.WorkerService/RecvTensor HTTP/2.0,155,1069,200
26/May/2019:17:26:30 +0800,remote_addr,POST /tensorflow.WorkerService/RecvTensor HTTP/2.0,224,174,200
26/May/2019:17:26:30 +0800,remote_addr,POST /tensorflow.WorkerService/RecvTensor HTTP/2.0,195,170,200
26/May/2019:17:26:30 +0800,remote_addr,POST /tensorflow.WorkerService/RecvTensor HTTP/2.0,161,189679,200
26/May/2019:17:26:30 +0800,remote_addr,POST /tensorflow.WorkerService/RecvTensor HTTP/2.0,168,4269,200
26/May/2019:17:26:30 +0800,remote_addr,POST /tensorflow.WorkerService/RecvTensor HTTP/2.0,165,8370,200
26/May/2019:17:26:30 +0800,remote_addr,POST /tensorflow.WorkerService/RecvTensor HTTP/2.0,168,2217,200
26/May/2019:17:26:30 +0800,remote_addr,POST /tensorflow.WorkerService/RecvTensor HTTP/2.0,197,47856,200
26/May/2019:17:26:30 +0800,remote_addr,POST /tensorflow.WorkerService/RecvTensor HTTP/2.0,194,95542,200
26/May/2019:17:26:30 +0800,remote_addr,POST /tensorflow.WorkerService/RecvTensor HTTP/2.0,197,820574,200
26/May/2019:17:26:31 +0800,remote_addr,POST /tensorflow.WorkerService/RunGraph HTTP/2.0,46,21857,200
26/May/2019:17:26:31 +0800,remote_addr,POST /tensorflow.WorkerService/Logging HTTP/2.0,25,150,200
26/May/2019:17:26:31 +0800,remote_addr,POST /tensorflow.WorkerService/Logging HTTP/2.0,14,150,200
26/May/2019:17:26:31 +0800,remote_addr,POST /tensorflow.WorkerService/CleanupGraph HTTP/2.0,24,145,200
26/May/2019:17:26:31 +0800,remote_addr,POST /tensorflow.WorkerService/RecvTensor HTTP/2.0,146,168,200
26/May/2019:17:26:31 +0800,remote_addr,POST /tensorflow.WorkerService/RecvTensor HTTP/2.0,155,1069,200
26/May/2019:17:26:31 +0800,remote_addr,POST /tensorflow.WorkerService/RecvTensor HTTP/2.0,195,170,200
26/May/2019:17:26:31 +0800,remote_addr,POST /tensorflow.WorkerService/RecvTensor HTTP/2.0,224,174,200
26/May/2019:17:26:31 +0800,remote_addr,POST /tensorflow.WorkerService/RecvTensor HTTP/2.0,161,189679,200
26/May/2019:17:26:31 +0800,remote_addr,POST /tensorflow.WorkerService/RecvTensor HTTP/2.0,165,8370,200
26/May/2019:17:26:31 +0800,remote_addr,POST /tensorflow.WorkerService/RecvTensor HTTP/2.0,168,2217,200
26/May/2019:17:26:31 +0800,remote_addr,POST /tensorflow.WorkerService/RecvTensor HTTP/2.0,168,4269,200
26/May/2019:17:26:32 +0800,remote_addr,POST /tensorflow.WorkerService/RecvTensor HTTP/2.0,197,49421,200
26/May/2019:17:26:32 +0800,remote_addr,POST /tensorflow.WorkerService/RecvTensor HTTP/2.0,194,98663,200
26/May/2019:17:26:32 +0800,remote_addr,POST /tensorflow.WorkerService/RecvTensor HTTP/2.0,197,823114,200
26/May/2019:17:26:32 +0800,remote_addr,POST /tensorflow.WorkerService/RunGraph HTTP/2.0,46,21854,200
26/May/2019:17:26:32 +0800,remote_addr,POST /tensorflow.WorkerService/Logging HTTP/2.0,14,150,200
26/May/2019:17:26:32 +0800,remote_addr,POST /tensorflow.WorkerService/Logging HTTP/2.0,25,150,200
26/May/2019:17:26:32 +0800,remote_addr,POST /tensorflow.WorkerService/CleanupGraph HTTP/2.0,24,145,200
26/May/2019:17:26:51 +0800,remote_addr,POST /tensorflow.WorkerService/RecvTensor HTTP/2.0,146,168,200
26/May/2019:17:26:51 +0800,remote_addr,POST /tensorflow.WorkerService/RecvTensor HTTP/2.0,195,170,200
26/May/2019:17:26:51 +0800,remote_addr,POST /tensorflow.WorkerService/RecvTensor HTTP/2.0,155,1069,200
26/May/2019:17:26:51 +0800,remote_addr,POST /tensorflow.WorkerService/RecvTensor HTTP/2.0,224,174,200
26/May/2019:17:26:51 +0800,remote_addr,POST /tensorflow.WorkerService/RecvTensor HTTP/2.0,161,189679,200
26/May/2019:17:26:51 +0800,remote_addr,POST /tensorflow.WorkerService/RecvTensor HTTP/2.0,168,4269,200
26/May/2019:17:26:51 +0800,remote_addr,POST /tensorflow.WorkerService/RecvTensor HTTP/2.0,168,2217,200
26/May/2019:17:26:51 +0800,remote_addr,POST /tensorflow.WorkerService/RecvTensor HTTP/2.0,165,8370,200
26/May/2019:17:26:51 +0800,remote_addr,POST /tensorflow.WorkerService/RecvTensor HTTP/2.0,194,105272,200
26/May/2019:17:26:51 +0800,remote_addr,POST /tensorflow.WorkerService/RecvTensor HTTP/2.0,197,52721,200
26/May/2019:17:26:51 +0800,remote_addr,POST /tensorflow.WorkerService/RecvTensor HTTP/2.0,197,833862,200
26/May/2019:17:26:52 +0800,remote_addr,POST /tensorflow.WorkerService/RunGraph HTTP/2.0,46,21858,200
26/May/2019:17:26:52 +0800,remote_addr,POST /tensorflow.WorkerService/Logging HTTP/2.0,25,150,200
26/May/2019:17:26:52 +0800,remote_addr,POST /tensorflow.WorkerService/Logging HTTP/2.0,14,150,200
26/May/2019:17:26:52 +0800,remote_addr,POST /tensorflow.WorkerService/CleanupGraph HTTP/2.0,24,145,200
26/May/2019:17:26:52 +0800,remote_addr,POST /tensorflow.WorkerService/RecvTensor HTTP/2.0,146,168,200
26/May/2019:17:26:52 +0800,remote_addr,POST /tensorflow.WorkerService/RecvTensor HTTP/2.0,224,174,200
26/May/2019:17:26:52 +0800,remote_addr,POST /tensorflow.WorkerService/RecvTensor HTTP/2.0,155,1069,200
26/May/2019:17:26:52 +0800,remote_addr,POST /tensorflow.WorkerService/RecvTensor HTTP/2.0,195,170,200
26/May/2019:17:26:52 +0800,remote_addr,POST /tensorflow.WorkerService/RecvTensor HTTP/2.0,161,189688,200
26/May/2019:17:26:52 +0800,remote_addr,POST /tensorflow.WorkerService/RecvTensor HTTP/2.0,165,8370,200
26/May/2019:17:26:52 +0800,remote_addr,POST /tensorflow.WorkerService/RecvTensor HTTP/2.0,168,2217,200
26/May/2019:17:26:52 +0800,remote_addr,POST /tensorflow.WorkerService/RecvTensor HTTP/2.0,168,4269,200
26/May/2019:17:26:52 +0800,remote_addr,POST /tensorflow.WorkerService/RecvTensor HTTP/2.0,197,52641,200
26/May/2019:17:26:52 +0800,remote_addr,POST /tensorflow.WorkerService/RecvTensor HTTP/2.0,194,105103,200
26/May/2019:17:26:52 +0800,remote_addr,POST /tensorflow.WorkerService/RecvTensor HTTP/2.0,197,809267,200
26/May/2019:17:26:53 +0800,remote_addr,POST /tensorflow.WorkerService/RunGraph HTTP/2.0,46,21856,200
26/May/2019:17:26:53 +0800,remote_addr,POST /tensorflow.WorkerService/Logging HTTP/2.0,14,151,200
26/May/2019:17:26:53 +0800,remote_addr,POST /tensorflow.WorkerService/Logging HTTP/2.0,25,151,200
26/May/2019:17:26:53 +0800,remote_addr,POST /tensorflow.WorkerService/CleanupGraph HTTP/2.0,24,146,200
26/May/2019:17:26:54 +0800,remote_addr,POST /tensorflow.WorkerService/RecvTensor HTTP/2.0,146,169,200
26/May/2019:17:26:54 +0800,remote_addr,POST /tensorflow.WorkerService/RecvTensor HTTP/2.0,155,1070,200
26/May/2019:17:26:54 +0800,remote_addr,POST /tensorflow.WorkerService/RecvTensor HTTP/2.0,195,171,200
26/May/2019:17:26:54 +0800,remote_addr,POST /tensorflow.WorkerService/RecvTensor HTTP/2.0,224,175,200
26/May/2019:17:26:54 +0800,remote_addr,POST /tensorflow.WorkerService/RecvTensor HTTP/2.0,161,189680,200
26/May/2019:17:26:54 +0800,remote_addr,POST /tensorflow.WorkerService/RecvTensor HTTP/2.0,168,4270,200
26/May/2019:17:26:54 +0800,remote_addr,POST /tensorflow.WorkerService/RecvTensor HTTP/2.0,168,2218,200
26/May/2019:17:26:54 +0800,remote_addr,POST /tensorflow.WorkerService/RecvTensor HTTP/2.0,165,8371,200
26/May/2019:17:26:54 +0800,remote_addr,POST /tensorflow.WorkerService/RecvTensor HTTP/2.0,197,54670,200
26/May/2019:17:26:54 +0800,remote_addr,POST /tensorflow.WorkerService/RecvTensor HTTP/2.0,194,109178,200
26/May/2019:17:26:54 +0800,remote_addr,POST /tensorflow.WorkerService/RecvTensor HTTP/2.0,197,824084,200
26/May/2019:17:26:54 +0800,remote_addr,POST /tensorflow.WorkerService/RunGraph HTTP/2.0,46,21855,200
26/May/2019:17:26:54 +0800,remote_addr,POST /tensorflow.WorkerService/Logging HTTP/2.0,25,151,200
26/May/2019:17:26:54 +0800,remote_addr,POST /tensorflow.WorkerService/Logging HTTP/2.0,14,151,200
26/May/2019:17:26:54 +0800,remote_addr,POST /tensorflow.WorkerService/CleanupGraph HTTP/2.0,24,146,200
26/May/2019:17:26:55 +0800,remote_addr,POST /tensorflow.WorkerService/RecvTensor HTTP/2.0,146,169,200
26/May/2019:17:26:55 +0800,remote_addr,POST /tensorflow.WorkerService/RecvTensor HTTP/2.0,168,2218,200
26/May/2019:17:26:55 +0800,remote_addr,POST /tensorflow.WorkerService/RecvTensor HTTP/2.0,168,4270,200
26/May/2019:17:26:55 +0800,remote_addr,POST /tensorflow.WorkerService/RecvTensor HTTP/2.0,165,8371,200
26/May/2019:17:26:55 +0800,remote_addr,POST /tensorflow.WorkerService/RecvTensor HTTP/2.0,195,171,200
26/May/2019:17:26:55 +0800,remote_addr,POST /tensorflow.WorkerService/RecvTensor HTTP/2.0,155,1070,200
26/May/2019:17:26:55 +0800,remote_addr,POST /tensorflow.WorkerService/RecvTensor HTTP/2.0,224,175,200
26/May/2019:17:26:55 +0800,remote_addr,POST /tensorflow.WorkerService/RecvTensor HTTP/2.0,161,189680,200
26/May/2019:17:26:55 +0800,remote_addr,POST /tensorflow.WorkerService/RecvTensor HTTP/2.0,197,54398,200
26/May/2019:17:26:55 +0800,remote_addr,POST /tensorflow.WorkerService/RecvTensor HTTP/2.0,194,108625,200
26/May/2019:17:26:55 +0800,remote_addr,POST /tensorflow.WorkerService/RecvTensor HTTP/2.0,197,811758,200
26/May/2019:17:26:55 +0800,remote_addr,POST /tensorflow.WorkerService/RunGraph HTTP/2.0,46,21860,200
26/May/2019:17:26:55 +0800,remote_addr,POST /tensorflow.WorkerService/Logging HTTP/2.0,14,151,200
26/May/2019:17:26:55 +0800,remote_addr,POST /tensorflow.WorkerService/Logging HTTP/2.0,25,151,200
26/May/2019:17:26:55 +0800,remote_addr,POST /tensorflow.WorkerService/CleanupGraph HTTP/2.0,24,146,200
26/May/2019:17:26:57 +0800,remote_addr,POST /tensorflow.WorkerService/RecvTensor HTTP/2.0,146,169,200
26/May/2019:17:26:57 +0800,remote_addr,POST /tensorflow.WorkerService/RecvTensor HTTP/2.0,155,1070,200
26/May/2019:17:26:57 +0800,remote_addr,POST /tensorflow.WorkerService/RecvTensor HTTP/2.0,195,171,200
26/May/2019:17:26:57 +0800,remote_addr,POST /tensorflow.WorkerService/RecvTensor HTTP/2.0,224,175,200
26/May/2019:17:26:57 +0800,remote_addr,POST /tensorflow.WorkerService/RecvTensor HTTP/2.0,161,189680,200
26/May/2019:17:26:57 +0800,remote_addr,POST /tensorflow.WorkerService/RecvTensor HTTP/2.0,165,8371,200
26/May/2019:17:26:57 +0800,remote_addr,POST /tensorflow.WorkerService/RecvTensor HTTP/2.0,168,4270,200
26/May/2019:17:26:57 +0800,remote_addr,POST /tensorflow.WorkerService/RecvTensor HTTP/2.0,168,2218,200
26/May/2019:17:26:58 +0800,remote_addr,POST /tensorflow.WorkerService/RecvTensor HTTP/2.0,197,56842,200
26/May/2019:17:26:58 +0800,remote_addr,POST /tensorflow.WorkerService/RecvTensor HTTP/2.0,194,113522,200
26/May/2019:17:26:58 +0800,remote_addr,POST /tensorflow.WorkerService/RecvTensor HTTP/2.0,197,828084,200
26/May/2019:17:26:58 +0800,remote_addr,POST /tensorflow.WorkerService/RunGraph HTTP/2.0,46,21856,200
26/May/2019:17:26:58 +0800,remote_addr,POST /tensorflow.WorkerService/Logging HTTP/2.0,14,151,200
26/May/2019:17:26:58 +0800,remote_addr,POST /tensorflow.WorkerService/Logging HTTP/2.0,25,151,200
26/May/2019:17:26:58 +0800,remote_addr,POST /tensorflow.WorkerService/CleanupGraph HTTP/2.0,24,146,200
26/May/2019:17:26:58 +0800,remote_addr,POST /tensorflow.WorkerService/RecvTensor HTTP/2.0,146,169,200
26/May/2019:17:26:58 +0800,remote_addr,POST /tensorflow.WorkerService/RecvTensor HTTP/2.0,155,1070,200
26/May/2019:17:26:58 +0800,remote_addr,POST /tensorflow.WorkerService/RecvTensor HTTP/2.0,224,175,200
26/May/2019:17:26:58 +0800,remote_addr,POST /tensorflow.WorkerService/RecvTensor HTTP/2.0,195,171,200
26/May/2019:17:26:58 +0800,remote_addr,POST /tensorflow.WorkerService/RecvTensor HTTP/2.0,161,189680,200
26/May/2019:17:26:58 +0800,remote_addr,POST /tensorflow.WorkerService/RecvTensor HTTP/2.0,168,4270,200
26/May/2019:17:26:58 +0800,remote_addr,POST /tensorflow.WorkerService/RecvTensor HTTP/2.0,168,2218,200
26/May/2019:17:26:58 +0800,remote_addr,POST /tensorflow.WorkerService/RecvTensor HTTP/2.0,165,8371,200
26/May/2019:17:26:59 +0800,remote_addr,POST /tensorflow.WorkerService/RecvTensor HTTP/2.0,194,116618,200
26/May/2019:17:26:59 +0800,remote_addr,POST /tensorflow.WorkerService/RecvTensor HTTP/2.0,197,58399,200
26/May/2019:17:26:59 +0800,remote_addr,POST /tensorflow.WorkerService/RecvTensor HTTP/2.0,197,813917,200
26/May/2019:17:26:59 +0800,remote_addr,POST /tensorflow.WorkerService/RunGraph HTTP/2.0,46,21857,200
26/May/2019:17:26:59 +0800,remote_addr,POST /tensorflow.WorkerService/Logging HTTP/2.0,14,151,200
26/May/2019:17:26:59 +0800,remote_addr,POST /tensorflow.WorkerService/Logging HTTP/2.0,25,151,200
26/May/2019:17:26:59 +0800,remote_addr,POST /tensorflow.WorkerService/CleanupGraph HTTP/2.0,24,146,200
26/May/2019:17:26:59 +0800,remote_addr,POST /tensorflow.WorkerService/RecvTensor HTTP/2.0,146,169,200
26/May/2019:17:26:59 +0800,remote_addr,POST /tensorflow.WorkerService/RecvTensor HTTP/2.0,224,175,200
26/May/2019:17:26:59 +0800,remote_addr,POST /tensorflow.WorkerService/RecvTensor HTTP/2.0,155,1070,200
26/May/2019:17:26:59 +0800,remote_addr,POST /tensorflow.WorkerService/RecvTensor HTTP/2.0,195,171,200
26/May/2019:17:26:59 +0800,remote_addr,POST /tensorflow.WorkerService/RecvTensor HTTP/2.0,161,189680,200
26/May/2019:17:26:59 +0800,remote_addr,POST /tensorflow.WorkerService/RecvTensor HTTP/2.0,168,4270,200
26/May/2019:17:26:59 +0800,remote_addr,POST /tensorflow.WorkerService/RecvTensor HTTP/2.0,165,8371,200
26/May/2019:17:26:59 +0800,remote_addr,POST /tensorflow.WorkerService/RecvTensor HTTP/2.0,168,2218,200
26/May/2019:17:27:00 +0800,remote_addr,POST /tensorflow.WorkerService/RecvTensor HTTP/2.0,197,59442,200
26/May/2019:17:27:00 +0800,remote_addr,POST /tensorflow.WorkerService/RecvTensor HTTP/2.0,194,118705,200
26/May/2019:17:27:00 +0800,remote_addr,POST /tensorflow.WorkerService/RecvTensor HTTP/2.0,197,820594,200
26/May/2019:17:27:00 +0800,remote_addr,POST /tensorflow.WorkerService/RunGraph HTTP/2.0,46,21857,200
26/May/2019:17:27:00 +0800,remote_addr,POST /tensorflow.WorkerService/Logging HTTP/2.0,14,150,200
26/May/2019:17:27:00 +0800,remote_addr,POST /tensorflow.WorkerService/Logging HTTP/2.0,25,150,200
26/May/2019:17:27:00 +0800,remote_addr,POST /tensorflow.WorkerService/CleanupGraph HTTP/2.0,24,145,200
26/May/2019:17:27:00 +0800,remote_addr,POST /tensorflow.WorkerService/RecvTensor HTTP/2.0,146,168,200
26/May/2019:17:27:00 +0800,remote_addr,POST /tensorflow.WorkerService/RecvTensor HTTP/2.0,155,1069,200
26/May/2019:17:27:00 +0800,remote_addr,POST /tensorflow.WorkerService/RecvTensor HTTP/2.0,195,170,200
26/May/2019:17:27:00 +0800,remote_addr,POST /tensorflow.WorkerService/RecvTensor HTTP/2.0,224,174,200
26/May/2019:17:27:00 +0800,remote_addr,POST /tensorflow.WorkerService/RecvTensor HTTP/2.0,161,189679,200
26/May/2019:17:27:00 +0800,remote_addr,POST /tensorflow.WorkerService/RecvTensor HTTP/2.0,165,8370,200
26/May/2019:17:27:00 +0800,remote_addr,POST /tensorflow.WorkerService/RecvTensor HTTP/2.0,168,4269,200
26/May/2019:17:27:00 +0800,remote_addr,POST /tensorflow.WorkerService/RecvTensor HTTP/2.0,168,2217,200
26/May/2019:17:27:00 +0800,remote_addr,POST /tensorflow.WorkerService/RecvTensor HTTP/2.0,197,61738,200
26/May/2019:17:27:00 +0800,remote_addr,POST /tensorflow.WorkerService/RecvTensor HTTP/2.0,194,123306,200
26/May/2019:17:27:01 +0800,remote_addr,POST /tensorflow.WorkerService/RecvTensor HTTP/2.0,197,830184,200
26/May/2019:17:27:01 +0800,remote_addr,POST /tensorflow.WorkerService/RunGraph HTTP/2.0,46,21858,200
26/May/2019:17:27:01 +0800,remote_addr,POST /tensorflow.WorkerService/Logging HTTP/2.0,14,150,200
26/May/2019:17:27:01 +0800,remote_addr,POST /tensorflow.WorkerService/Logging HTTP/2.0,25,150,200
26/May/2019:17:27:01 +0800,remote_addr,POST /tensorflow.WorkerService/CleanupGraph HTTP/2.0,24,145,200
26/May/2019:17:27:01 +0800,remote_addr,POST /tensorflow.WorkerService/RecvTensor HTTP/2.0,146,168,200
26/May/2019:17:27:01 +0800,remote_addr,POST /tensorflow.WorkerService/RecvTensor HTTP/2.0,155,1069,200
26/May/2019:17:27:01 +0800,remote_addr,POST /tensorflow.WorkerService/RecvTensor HTTP/2.0,224,174,200
26/May/2019:17:27:01 +0800,remote_addr,POST /tensorflow.WorkerService/RecvTensor HTTP/2.0,195,170,200
26/May/2019:17:27:01 +0800,remote_addr,POST /tensorflow.WorkerService/RecvTensor HTTP/2.0,165,8370,200
26/May/2019:17:27:01 +0800,remote_addr,POST /tensorflow.WorkerService/RecvTensor HTTP/2.0,168,2217,200
26/May/2019:17:27:01 +0800,remote_addr,POST /tensorflow.WorkerService/RecvTensor HTTP/2.0,168,4269,200
26/May/2019:17:27:01 +0800,remote_addr,POST /tensorflow.WorkerService/RecvTensor HTTP/2.0,161,189679,200
26/May/2019:17:27:01 +0800,remote_addr,POST /tensorflow.WorkerService/RecvTensor HTTP/2.0,194,123009,200
26/May/2019:17:27:01 +0800,remote_addr,POST /tensorflow.WorkerService/RecvTensor HTTP/2.0,197,61594,200
26/May/2019:17:27:02 +0800,remote_addr,POST /tensorflow.WorkerService/RecvTensor HTTP/2.0,197,830093,200
26/May/2019:17:27:02 +0800,remote_addr,POST /tensorflow.WorkerService/RunGraph HTTP/2.0,46,21857,200
26/May/2019:17:27:02 +0800,remote_addr,POST /tensorflow.WorkerService/Logging HTTP/2.0,14,150,200
26/May/2019:17:27:02 +0800,remote_addr,POST /tensorflow.WorkerService/Logging HTTP/2.0,25,150,200
26/May/2019:17:27:02 +0800,remote_addr,POST /tensorflow.WorkerService/CleanupGraph HTTP/2.0,24,145,200
26/May/2019:17:27:02 +0800,remote_addr,POST /tensorflow.WorkerService/RecvTensor HTTP/2.0,146,168,200
26/May/2019:17:27:02 +0800,remote_addr,POST /tensorflow.WorkerService/RecvTensor HTTP/2.0,155,1069,200
26/May/2019:17:27:02 +0800,remote_addr,POST /tensorflow.WorkerService/RecvTensor HTTP/2.0,224,174,200
26/May/2019:17:27:02 +0800,remote_addr,POST /tensorflow.WorkerService/RecvTensor HTTP/2.0,195,170,200
26/May/2019:17:27:02 +0800,remote_addr,POST /tensorflow.WorkerService/RecvTensor HTTP/2.0,168,4269,200
26/May/2019:17:27:02 +0800,remote_addr,POST /tensorflow.WorkerService/RecvTensor HTTP/2.0,165,8370,200
26/May/2019:17:27:02 +0800,remote_addr,POST /tensorflow.WorkerService/RecvTensor HTTP/2.0,168,2217,200
26/May/2019:17:27:02 +0800,remote_addr,POST /tensorflow.WorkerService/RecvTensor HTTP/2.0,161,189688,200
26/May/2019:17:27:02 +0800,remote_addr,POST /tensorflow.WorkerService/RecvTensor HTTP/2.0,197,62430,200
26/May/2019:17:27:02 +0800,remote_addr,POST /tensorflow.WorkerService/RecvTensor HTTP/2.0,194,124690,200
26/May/2019:17:27:03 +0800,remote_addr,POST /tensorflow.WorkerService/RecvTensor HTTP/2.0,197,817496,200
26/May/2019:17:27:03 +0800,remote_addr,POST /tensorflow.WorkerService/RunGraph HTTP/2.0,46,21858,200
26/May/2019:17:27:03 +0800,remote_addr,POST /tensorflow.WorkerService/Logging HTTP/2.0,14,150,200
26/May/2019:17:27:03 +0800,remote_addr,POST /tensorflow.WorkerService/Logging HTTP/2.0,25,150,200
26/May/2019:17:27:03 +0800,remote_addr,POST /tensorflow.WorkerService/CleanupGraph HTTP/2.0,24,145,200
26/May/2019:17:27:03 +0800,remote_addr,POST /tensorflow.WorkerService/RecvTensor HTTP/2.0,146,168,200
26/May/2019:17:27:03 +0800,remote_addr,POST /tensorflow.WorkerService/RecvTensor HTTP/2.0,195,170,200
26/May/2019:17:27:03 +0800,remote_addr,POST /tensorflow.WorkerService/RecvTensor HTTP/2.0,155,1069,200
26/May/2019:17:27:03 +0800,remote_addr,POST /tensorflow.WorkerService/RecvTensor HTTP/2.0,224,174,200
26/May/2019:17:27:03 +0800,remote_addr,POST /tensorflow.WorkerService/RecvTensor HTTP/2.0,168,4269,200
26/May/2019:17:27:03 +0800,remote_addr,POST /tensorflow.WorkerService/RecvTensor HTTP/2.0,168,2217,200
26/May/2019:17:27:03 +0800,remote_addr,POST /tensorflow.WorkerService/RecvTensor HTTP/2.0,165,8370,200
26/May/2019:17:27:03 +0800,remote_addr,POST /tensorflow.WorkerService/RecvTensor HTTP/2.0,161,189679,200
26/May/2019:17:27:04 +0800,remote_addr,POST /tensorflow.WorkerService/RecvTensor HTTP/2.0,197,64610,200
26/May/2019:17:27:04 +0800,remote_addr,POST /tensorflow.WorkerService/RecvTensor HTTP/2.0,194,129050,200
26/May/2019:17:27:04 +0800,remote_addr,POST /tensorflow.WorkerService/RecvTensor HTTP/2.0,197,833243,200
26/May/2019:17:27:04 +0800,remote_addr,POST /tensorflow.WorkerService/RunGraph HTTP/2.0,46,21854,200
26/May/2019:17:27:04 +0800,remote_addr,POST /tensorflow.WorkerService/Logging HTTP/2.0,14,150,200
26/May/2019:17:27:04 +0800,remote_addr,POST /tensorflow.WorkerService/Logging HTTP/2.0,25,150,200
26/May/2019:17:27:04 +0800,remote_addr,POST /tensorflow.WorkerService/CleanupGraph HTTP/2.0,24,145,200
26/May/2019:17:27:04 +0800,remote_addr,POST /tensorflow.WorkerService/RecvTensor HTTP/2.0,146,168,200
26/May/2019:17:27:04 +0800,remote_addr,POST /tensorflow.WorkerService/RecvTensor HTTP/2.0,224,174,200
26/May/2019:17:27:04 +0800,remote_addr,POST /tensorflow.WorkerService/RecvTensor HTTP/2.0,155,1069,200
26/May/2019:17:27:04 +0800,remote_addr,POST /tensorflow.WorkerService/RecvTensor HTTP/2.0,195,170,200
26/May/2019:17:27:04 +0800,remote_addr,POST /tensorflow.WorkerService/RecvTensor HTTP/2.0,161,189679,200
26/May/2019:17:27:04 +0800,remote_addr,POST /tensorflow.WorkerService/RecvTensor HTTP/2.0,165,8370,200
26/May/2019:17:27:04 +0800,remote_addr,POST /tensorflow.WorkerService/RecvTensor HTTP/2.0,168,4269,200
26/May/2019:17:27:04 +0800,remote_addr,POST /tensorflow.WorkerService/RecvTensor HTTP/2.0,168,2217,200
26/May/2019:17:27:04 +0800,remote_addr,POST /tensorflow.WorkerService/RecvTensor HTTP/2.0,197,64347,200
26/May/2019:17:27:04 +0800,remote_addr,POST /tensorflow.WorkerService/RecvTensor HTTP/2.0,194,128515,200
26/May/2019:17:27:05 +0800,remote_addr,POST /tensorflow.WorkerService/RecvTensor HTTP/2.0,197,817056,200
26/May/2019:17:27:05 +0800,remote_addr,POST /tensorflow.WorkerService/RunGraph HTTP/2.0,46,21855,200
26/May/2019:17:27:05 +0800,remote_addr,POST /tensorflow.WorkerService/Logging HTTP/2.0,14,150,200
26/May/2019:17:27:05 +0800,remote_addr,POST /tensorflow.WorkerService/Logging HTTP/2.0,25,150,200
26/May/2019:17:27:05 +0800,remote_addr,POST /tensorflow.WorkerService/CleanupGraph HTTP/2.0,24,145,200
26/May/2019:17:27:05 +0800,remote_addr,POST /tensorflow.WorkerService/RecvTensor HTTP/2.0,146,168,200
26/May/2019:17:27:05 +0800,remote_addr,POST /tensorflow.WorkerService/RecvTensor HTTP/2.0,195,170,200
26/May/2019:17:27:05 +0800,remote_addr,POST /tensorflow.WorkerService/RecvTensor HTTP/2.0,155,1069,200
26/May/2019:17:27:05 +0800,remote_addr,POST /tensorflow.WorkerService/RecvTensor HTTP/2.0,224,174,200
26/May/2019:17:27:05 +0800,remote_addr,POST /tensorflow.WorkerService/RecvTensor HTTP/2.0,161,189679,200
26/May/2019:17:27:05 +0800,remote_addr,POST /tensorflow.WorkerService/RecvTensor HTTP/2.0,168,4269,200
26/May/2019:17:27:05 +0800,remote_addr,POST /tensorflow.WorkerService/RecvTensor HTTP/2.0,165,8370,200
26/May/2019:17:27:05 +0800,remote_addr,POST /tensorflow.WorkerService/RecvTensor HTTP/2.0,168,2217,200
26/May/2019:17:27:05 +0800,remote_addr,POST /tensorflow.WorkerService/RecvTensor HTTP/2.0,197,66412,200
26/May/2019:17:27:05 +0800,remote_addr,POST /tensorflow.WorkerService/RecvTensor HTTP/2.0,194,132653,200
26/May/2019:17:27:05 +0800,remote_addr,POST /tensorflow.WorkerService/RecvTensor HTTP/2.0,197,824913,200
26/May/2019:17:27:06 +0800,remote_addr,POST /tensorflow.WorkerService/RunGraph HTTP/2.0,46,21861,200
26/May/2019:17:27:06 +0800,remote_addr,POST /tensorflow.WorkerService/Logging HTTP/2.0,14,150,200
26/May/2019:17:27:06 +0800,remote_addr,POST /tensorflow.WorkerService/Logging HTTP/2.0,25,150,200
26/May/2019:17:27:06 +0800,remote_addr,POST /tensorflow.WorkerService/CleanupGraph HTTP/2.0,24,145,200
26/May/2019:17:27:06 +0800,remote_addr,POST /tensorflow.WorkerService/RecvTensor HTTP/2.0,146,168,200
26/May/2019:17:27:06 +0800,remote_addr,POST /tensorflow.WorkerService/RecvTensor HTTP/2.0,195,170,200
26/May/2019:17:27:06 +0800,remote_addr,POST /tensorflow.WorkerService/RecvTensor HTTP/2.0,224,174,200
26/May/2019:17:27:06 +0800,remote_addr,POST /tensorflow.WorkerService/RecvTensor HTTP/2.0,155,1069,200
26/May/2019:17:27:06 +0800,remote_addr,POST /tensorflow.WorkerService/RecvTensor HTTP/2.0,161,189679,200
26/May/2019:17:27:06 +0800,remote_addr,POST /tensorflow.WorkerService/RecvTensor HTTP/2.0,165,8370,200
26/May/2019:17:27:06 +0800,remote_addr,POST /tensorflow.WorkerService/RecvTensor HTTP/2.0,168,4269,200
26/May/2019:17:27:06 +0800,remote_addr,POST /tensorflow.WorkerService/RecvTensor HTTP/2.0,168,2217,200
26/May/2019:17:27:06 +0800,remote_addr,POST /tensorflow.WorkerService/RecvTensor HTTP/2.0,197,66324,200
26/May/2019:17:27:06 +0800,remote_addr,POST /tensorflow.WorkerService/RecvTensor HTTP/2.0,194,132477,200
26/May/2019:17:27:06 +0800,remote_addr,POST /tensorflow.WorkerService/RecvTensor HTTP/2.0,197,818806,200
26/May/2019:17:27:07 +0800,remote_addr,POST /tensorflow.WorkerService/RunGraph HTTP/2.0,46,21861,200
26/May/2019:17:27:07 +0800,remote_addr,POST /tensorflow.WorkerService/Logging HTTP/2.0,14,150,200
26/May/2019:17:27:07 +0800,remote_addr,POST /tensorflow.WorkerService/Logging HTTP/2.0,25,150,200
26/May/2019:17:27:07 +0800,remote_addr,POST /tensorflow.WorkerService/CleanupGraph HTTP/2.0,24,145,200
26/May/2019:17:27:08 +0800,remote_addr,POST /tensorflow.WorkerService/RecvTensor HTTP/2.0,146,168,200
26/May/2019:17:27:08 +0800,remote_addr,POST /tensorflow.WorkerService/RecvTensor HTTP/2.0,155,1069,200
26/May/2019:17:27:08 +0800,remote_addr,POST /tensorflow.WorkerService/RecvTensor HTTP/2.0,224,174,200
26/May/2019:17:27:08 +0800,remote_addr,POST /tensorflow.WorkerService/RecvTensor HTTP/2.0,195,170,200
26/May/2019:17:27:08 +0800,remote_addr,POST /tensorflow.WorkerService/RecvTensor HTTP/2.0,161,189679,200
26/May/2019:17:27:08 +0800,remote_addr,POST /tensorflow.WorkerService/RecvTensor HTTP/2.0,165,8370,200
26/May/2019:17:27:08 +0800,remote_addr,POST /tensorflow.WorkerService/RecvTensor HTTP/2.0,168,4269,200
26/May/2019:17:27:08 +0800,remote_addr,POST /tensorflow.WorkerService/RecvTensor HTTP/2.0,168,2217,200
26/May/2019:17:27:09 +0800,remote_addr,POST /tensorflow.WorkerService/RecvTensor HTTP/2.0,197,68541,200
26/May/2019:17:27:09 +0800,remote_addr,POST /tensorflow.WorkerService/RecvTensor HTTP/2.0,194,136884,200
26/May/2019:17:27:09 +0800,remote_addr,POST /tensorflow.WorkerService/RecvTensor HTTP/2.0,197,824464,200
26/May/2019:17:27:09 +0800,remote_addr,POST /tensorflow.WorkerService/RunGraph HTTP/2.0,46,21864,200
26/May/2019:17:27:09 +0800,remote_addr,POST /tensorflow.WorkerService/Logging HTTP/2.0,14,150,200
26/May/2019:17:27:09 +0800,remote_addr,POST /tensorflow.WorkerService/Logging HTTP/2.0,25,150,200
26/May/2019:17:27:09 +0800,remote_addr,POST /tensorflow.WorkerService/CleanupGraph HTTP/2.0,24,145,200
26/May/2019:17:27:10 +0800,remote_addr,POST /tensorflow.WorkerService/RecvTensor HTTP/2.0,146,168,200
26/May/2019:17:27:10 +0800,remote_addr,POST /tensorflow.WorkerService/RecvTensor HTTP/2.0,155,1069,200
26/May/2019:17:27:10 +0800,remote_addr,POST /tensorflow.WorkerService/RecvTensor HTTP/2.0,224,174,200
26/May/2019:17:27:10 +0800,remote_addr,POST /tensorflow.WorkerService/RecvTensor HTTP/2.0,195,170,200
26/May/2019:17:27:10 +0800,remote_addr,POST /tensorflow.WorkerService/RecvTensor HTTP/2.0,161,189679,200
26/May/2019:17:27:10 +0800,remote_addr,POST /tensorflow.WorkerService/RecvTensor HTTP/2.0,168,4269,200
26/May/2019:17:27:10 +0800,remote_addr,POST /tensorflow.WorkerService/RecvTensor HTTP/2.0,168,2217,200
26/May/2019:17:27:10 +0800,remote_addr,POST /tensorflow.WorkerService/RecvTensor HTTP/2.0,165,8370,200
26/May/2019:17:27:10 +0800,remote_addr,POST /tensorflow.WorkerService/RecvTensor HTTP/2.0,197,68936,200
26/May/2019:17:27:10 +0800,remote_addr,POST /tensorflow.WorkerService/RecvTensor HTTP/2.0,194,137701,200
26/May/2019:17:27:10 +0800,remote_addr,POST /tensorflow.WorkerService/RecvTensor HTTP/2.0,197,836124,200
26/May/2019:17:27:10 +0800,remote_addr,POST /tensorflow.WorkerService/RunGraph HTTP/2.0,46,21863,200
26/May/2019:17:27:10 +0800,remote_addr,POST /tensorflow.WorkerService/Logging HTTP/2.0,14,150,200
26/May/2019:17:27:10 +0800,remote_addr,POST /tensorflow.WorkerService/Logging HTTP/2.0,25,150,200
26/May/2019:17:27:10 +0800,remote_addr,POST /tensorflow.WorkerService/CleanupGraph HTTP/2.0,24,145,200
26/May/2019:17:27:10 +0800,remote_addr,POST /tensorflow.WorkerService/RecvTensor HTTP/2.0,146,168,200
26/May/2019:17:27:10 +0800,remote_addr,POST /tensorflow.WorkerService/RecvTensor HTTP/2.0,155,1069,200
26/May/2019:17:27:10 +0800,remote_addr,POST /tensorflow.WorkerService/RecvTensor HTTP/2.0,195,170,200
26/May/2019:17:27:10 +0800,remote_addr,POST /tensorflow.WorkerService/RecvTensor HTTP/2.0,224,174,200
26/May/2019:17:27:10 +0800,remote_addr,POST /tensorflow.WorkerService/RecvTensor HTTP/2.0,165,8370,200
26/May/2019:17:27:10 +0800,remote_addr,POST /tensorflow.WorkerService/RecvTensor HTTP/2.0,168,2217,200
26/May/2019:17:27:10 +0800,remote_addr,POST /tensorflow.WorkerService/RecvTensor HTTP/2.0,168,4269,200
26/May/2019:17:27:10 +0800,remote_addr,POST /tensorflow.WorkerService/RecvTensor HTTP/2.0,161,189679,200
26/May/2019:17:27:11 +0800,remote_addr,POST /tensorflow.WorkerService/RecvTensor HTTP/2.0,197,68464,200
26/May/2019:17:27:11 +0800,remote_addr,POST /tensorflow.WorkerService/RecvTensor HTTP/2.0,194,136748,200
26/May/2019:17:27:11 +0800,remote_addr,POST /tensorflow.WorkerService/RecvTensor HTTP/2.0,197,822814,200
26/May/2019:17:27:11 +0800,remote_addr,POST /tensorflow.WorkerService/RunGraph HTTP/2.0,46,21864,200
26/May/2019:17:27:11 +0800,remote_addr,POST /tensorflow.WorkerService/Logging HTTP/2.0,14,150,200
26/May/2019:17:27:11 +0800,remote_addr,POST /tensorflow.WorkerService/Logging HTTP/2.0,25,150,200
26/May/2019:17:27:11 +0800,remote_addr,POST /tensorflow.WorkerService/CleanupGraph HTTP/2.0,24,145,200
26/May/2019:17:27:11 +0800,remote_addr,POST /tensorflow.WorkerService/RecvTensor HTTP/2.0,146,168,200
26/May/2019:17:27:11 +0800,remote_addr,POST /tensorflow.WorkerService/RecvTensor HTTP/2.0,155,1069,200
26/May/2019:17:27:11 +0800,remote_addr,POST /tensorflow.WorkerService/RecvTensor HTTP/2.0,195,170,200
26/May/2019:17:27:11 +0800,remote_addr,POST /tensorflow.WorkerService/RecvTensor HTTP/2.0,224,174,200
26/May/2019:17:27:12 +0800,remote_addr,POST /tensorflow.WorkerService/RecvTensor HTTP/2.0,161,189679,200
26/May/2019:17:27:12 +0800,remote_addr,POST /tensorflow.WorkerService/RecvTensor HTTP/2.0,168,4269,200
26/May/2019:17:27:12 +0800,remote_addr,POST /tensorflow.WorkerService/RecvTensor HTTP/2.0,165,8370,200
26/May/2019:17:27:12 +0800,remote_addr,POST /tensorflow.WorkerService/RecvTensor HTTP/2.0,168,2217,200
26/May/2019:17:27:12 +0800,remote_addr,POST /tensorflow.WorkerService/RecvTensor HTTP/2.0,197,69220,200
26/May/2019:17:27:12 +0800,remote_addr,POST /tensorflow.WorkerService/RecvTensor HTTP/2.0,194,138269,200
26/May/2019:17:27:12 +0800,remote_addr,POST /tensorflow.WorkerService/RecvTensor HTTP/2.0,197,822575,200
26/May/2019:17:27:12 +0800,remote_addr,POST /tensorflow.WorkerService/RunGraph HTTP/2.0,46,21861,200
26/May/2019:17:27:12 +0800,remote_addr,POST /tensorflow.WorkerService/Logging HTTP/2.0,14,150,200
26/May/2019:17:27:12 +0800,remote_addr,POST /tensorflow.WorkerService/Logging HTTP/2.0,25,150,200
26/May/2019:17:27:12 +0800,remote_addr,POST /tensorflow.WorkerService/CleanupGraph HTTP/2.0,24,145,200
26/May/2019:17:27:13 +0800,remote_addr,POST /tensorflow.WorkerService/RecvTensor HTTP/2.0,146,168,200
26/May/2019:17:27:13 +0800,remote_addr,POST /tensorflow.WorkerService/RecvTensor HTTP/2.0,224,174,200
26/May/2019:17:27:13 +0800,remote_addr,POST /tensorflow.WorkerService/RecvTensor HTTP/2.0,155,1069,200
26/May/2019:17:27:13 +0800,remote_addr,POST /tensorflow.WorkerService/RecvTensor HTTP/2.0,195,170,200
26/May/2019:17:27:13 +0800,remote_addr,POST /tensorflow.WorkerService/RecvTensor HTTP/2.0,161,189688,200
26/May/2019:17:27:13 +0800,remote_addr,POST /tensorflow.WorkerService/RecvTensor HTTP/2.0,168,4269,200
26/May/2019:17:27:13 +0800,remote_addr,POST /tensorflow.WorkerService/RecvTensor HTTP/2.0,168,2217,200
26/May/2019:17:27:13 +0800,remote_addr,POST /tensorflow.WorkerService/RecvTensor HTTP/2.0,165,8370,200
26/May/2019:17:27:13 +0800,remote_addr,POST /tensorflow.WorkerService/RecvTensor HTTP/2.0,197,72516,200
26/May/2019:17:27:13 +0800,remote_addr,POST /tensorflow.WorkerService/RecvTensor HTTP/2.0,194,144870,200
26/May/2019:17:27:13 +0800,remote_addr,POST /tensorflow.WorkerService/RecvTensor HTTP/2.0,197,852211,200
26/May/2019:17:27:13 +0800,remote_addr,POST /tensorflow.WorkerService/RunGraph HTTP/2.0,46,21864,200
26/May/2019:17:27:13 +0800,remote_addr,POST /tensorflow.WorkerService/Logging HTTP/2.0,14,150,200
26/May/2019:17:27:13 +0800,remote_addr,POST /tensorflow.WorkerService/Logging HTTP/2.0,25,150,200
26/May/2019:17:27:13 +0800,remote_addr,POST /tensorflow.WorkerService/CleanupGraph HTTP/2.0,24,145,200
26/May/2019:17:27:13 +0800,remote_addr,POST /tensorflow.WorkerService/RecvTensor HTTP/2.0,146,168,200
26/May/2019:17:27:13 +0800,remote_addr,POST /tensorflow.WorkerService/RecvTensor HTTP/2.0,155,1069,200
26/May/2019:17:27:13 +0800,remote_addr,POST /tensorflow.WorkerService/RecvTensor HTTP/2.0,224,174,200
26/May/2019:17:27:13 +0800,remote_addr,POST /tensorflow.WorkerService/RecvTensor HTTP/2.0,195,170,200
26/May/2019:17:27:13 +0800,remote_addr,POST /tensorflow.WorkerService/RecvTensor HTTP/2.0,161,189679,200
26/May/2019:17:27:14 +0800,remote_addr,POST /tensorflow.WorkerService/RecvTensor HTTP/2.0,168,4269,200
26/May/2019:17:27:14 +0800,remote_addr,POST /tensorflow.WorkerService/RecvTensor HTTP/2.0,165,8370,200
26/May/2019:17:27:14 +0800,remote_addr,POST /tensorflow.WorkerService/RecvTensor HTTP/2.0,168,2217,200
26/May/2019:17:27:14 +0800,remote_addr,POST /tensorflow.WorkerService/RecvTensor HTTP/2.0,197,72465,200
26/May/2019:17:27:14 +0800,remote_addr,POST /tensorflow.WorkerService/RecvTensor HTTP/2.0,194,144750,200
26/May/2019:17:27:14 +0800,remote_addr,POST /tensorflow.WorkerService/RecvTensor HTTP/2.0,197,833154,200
26/May/2019:17:27:14 +0800,remote_addr,POST /tensorflow.WorkerService/RunGraph HTTP/2.0,46,21864,200
26/May/2019:17:27:14 +0800,remote_addr,POST /tensorflow.WorkerService/Logging HTTP/2.0,14,150,200
26/May/2019:17:27:14 +0800,remote_addr,POST /tensorflow.WorkerService/Logging HTTP/2.0,25,150,200
26/May/2019:17:27:14 +0800,remote_addr,POST /tensorflow.WorkerService/CleanupGraph HTTP/2.0,24,145,200
26/May/2019:17:27:15 +0800,remote_addr,POST /tensorflow.WorkerService/RecvTensor HTTP/2.0,146,168,200
26/May/2019:17:27:15 +0800,remote_addr,POST /tensorflow.WorkerService/RecvTensor HTTP/2.0,155,1069,200
26/May/2019:17:27:15 +0800,remote_addr,POST /tensorflow.WorkerService/RecvTensor HTTP/2.0,224,174,200
26/May/2019:17:27:15 +0800,remote_addr,POST /tensorflow.WorkerService/RecvTensor HTTP/2.0,195,170,200
26/May/2019:17:27:15 +0800,remote_addr,POST /tensorflow.WorkerService/RecvTensor HTTP/2.0,161,189679,200
26/May/2019:17:27:15 +0800,remote_addr,POST /tensorflow.WorkerService/RecvTensor HTTP/2.0,168,4269,200
26/May/2019:17:27:15 +0800,remote_addr,POST /tensorflow.WorkerService/RecvTensor HTTP/2.0,168,2217,200
26/May/2019:17:27:15 +0800,remote_addr,POST /tensorflow.WorkerService/RecvTensor HTTP/2.0,165,8370,200
26/May/2019:17:27:15 +0800,remote_addr,POST /tensorflow.WorkerService/RecvTensor HTTP/2.0,197,71848,200
26/May/2019:17:27:15 +0800,remote_addr,POST /tensorflow.WorkerService/RecvTensor HTTP/2.0,194,143525,200
26/May/2019:17:27:15 +0800,remote_addr,POST /tensorflow.WorkerService/RecvTensor HTTP/2.0,197,804065,200
26/May/2019:17:27:15 +0800,remote_addr,POST /tensorflow.WorkerService/RunGraph HTTP/2.0,46,21861,200
26/May/2019:17:27:15 +0800,remote_addr,POST /tensorflow.WorkerService/Logging HTTP/2.0,14,150,200
26/May/2019:17:27:15 +0800,remote_addr,POST /tensorflow.WorkerService/Logging HTTP/2.0,25,150,200
26/May/2019:17:27:15 +0800,remote_addr,POST /tensorflow.WorkerService/CleanupGraph HTTP/2.0,24,145,200
26/May/2019:17:27:15 +0800,remote_addr,POST /tensorflow.WorkerService/RecvTensor HTTP/2.0,146,168,200
26/May/2019:17:27:15 +0800,remote_addr,POST /tensorflow.WorkerService/RecvTensor HTTP/2.0,155,1069,200
26/May/2019:17:27:16 +0800,remote_addr,POST /tensorflow.WorkerService/RecvTensor HTTP/2.0,195,170,200
26/May/2019:17:27:16 +0800,remote_addr,POST /tensorflow.WorkerService/RecvTensor HTTP/2.0,224,174,200
26/May/2019:17:27:16 +0800,remote_addr,POST /tensorflow.WorkerService/RecvTensor HTTP/2.0,161,189679,200
26/May/2019:17:27:16 +0800,remote_addr,POST /tensorflow.WorkerService/RecvTensor HTTP/2.0,168,4269,200
26/May/2019:17:27:16 +0800,remote_addr,POST /tensorflow.WorkerService/RecvTensor HTTP/2.0,165,8370,200
26/May/2019:17:27:16 +0800,remote_addr,POST /tensorflow.WorkerService/RecvTensor HTTP/2.0,168,2217,200
26/May/2019:17:27:16 +0800,remote_addr,POST /tensorflow.WorkerService/RecvTensor HTTP/2.0,197,72189,200
26/May/2019:17:27:16 +0800,remote_addr,POST /tensorflow.WorkerService/RecvTensor HTTP/2.0,194,144198,200
26/May/2019:17:27:16 +0800,remote_addr,POST /tensorflow.WorkerService/RecvTensor HTTP/2.0,197,822415,200
26/May/2019:17:27:16 +0800,remote_addr,POST /tensorflow.WorkerService/RunGraph HTTP/2.0,46,21863,200
26/May/2019:17:27:16 +0800,remote_addr,POST /tensorflow.WorkerService/Logging HTTP/2.0,14,150,200
26/May/2019:17:27:16 +0800,remote_addr,POST /tensorflow.WorkerService/Logging HTTP/2.0,25,150,200
26/May/2019:17:27:16 +0800,remote_addr,POST /tensorflow.WorkerService/CleanupGraph HTTP/2.0,24,145,200
26/May/2019:17:27:16 +0800,remote_addr,POST /tensorflow.WorkerService/RecvTensor HTTP/2.0,146,168,200
26/May/2019:17:27:16 +0800,remote_addr,POST /tensorflow.WorkerService/RecvTensor HTTP/2.0,155,1069,200
26/May/2019:17:27:16 +0800,remote_addr,POST /tensorflow.WorkerService/RecvTensor HTTP/2.0,195,170,200
26/May/2019:17:27:16 +0800,remote_addr,POST /tensorflow.WorkerService/RecvTensor HTTP/2.0,224,174,200
26/May/2019:17:27:16 +0800,remote_addr,POST /tensorflow.WorkerService/RecvTensor HTTP/2.0,161,189679,200
26/May/2019:17:27:16 +0800,remote_addr,POST /tensorflow.WorkerService/RecvTensor HTTP/2.0,168,4269,200
26/May/2019:17:27:16 +0800,remote_addr,POST /tensorflow.WorkerService/RecvTensor HTTP/2.0,168,2217,200
26/May/2019:17:27:16 +0800,remote_addr,POST /tensorflow.WorkerService/RecvTensor HTTP/2.0,165,8370,200
26/May/2019:17:27:17 +0800,remote_addr,POST /tensorflow.WorkerService/RecvTensor HTTP/2.0,197,72672,200
26/May/2019:17:27:17 +0800,remote_addr,POST /tensorflow.WorkerService/RecvTensor HTTP/2.0,194,145182,200
26/May/2019:17:27:17 +0800,remote_addr,POST /tensorflow.WorkerService/RecvTensor HTTP/2.0,197,813135,200
26/May/2019:17:27:17 +0800,remote_addr,POST /tensorflow.WorkerService/RunGraph HTTP/2.0,46,21865,200
26/May/2019:17:27:17 +0800,remote_addr,POST /tensorflow.WorkerService/Logging HTTP/2.0,14,150,200
26/May/2019:17:27:17 +0800,remote_addr,POST /tensorflow.WorkerService/Logging HTTP/2.0,25,150,200
26/May/2019:17:27:17 +0800,remote_addr,POST /tensorflow.WorkerService/CleanupGraph HTTP/2.0,24,145,200
26/May/2019:17:27:17 +0800,remote_addr,POST /tensorflow.WorkerService/RecvTensor HTTP/2.0,146,168,200
26/May/2019:17:27:17 +0800,remote_addr,POST /tensorflow.WorkerService/RecvTensor HTTP/2.0,195,170,200
26/May/2019:17:27:17 +0800,remote_addr,POST /tensorflow.WorkerService/RecvTensor HTTP/2.0,155,1069,200
26/May/2019:17:27:17 +0800,remote_addr,POST /tensorflow.WorkerService/RecvTensor HTTP/2.0,224,174,200
26/May/2019:17:27:17 +0800,remote_addr,POST /tensorflow.WorkerService/RecvTensor HTTP/2.0,161,189679,200
26/May/2019:17:27:17 +0800,remote_addr,POST /tensorflow.WorkerService/RecvTensor HTTP/2.0,165,8370,200
26/May/2019:17:27:17 +0800,remote_addr,POST /tensorflow.WorkerService/RecvTensor HTTP/2.0,168,4269,200
26/May/2019:17:27:17 +0800,remote_addr,POST /tensorflow.WorkerService/RecvTensor HTTP/2.0,168,2217,200
26/May/2019:17:27:18 +0800,remote_addr,POST /tensorflow.WorkerService/RecvTensor HTTP/2.0,197,75401,200
26/May/2019:17:27:18 +0800,remote_addr,POST /tensorflow.WorkerService/RecvTensor HTTP/2.0,194,150631,200
26/May/2019:17:27:18 +0800,remote_addr,POST /tensorflow.WorkerService/RecvTensor HTTP/2.0,197,835994,200
26/May/2019:17:27:18 +0800,remote_addr,POST /tensorflow.WorkerService/RunGraph HTTP/2.0,46,21864,200
26/May/2019:17:27:18 +0800,remote_addr,POST /tensorflow.WorkerService/Logging HTTP/2.0,14,150,200
26/May/2019:17:27:18 +0800,remote_addr,POST /tensorflow.WorkerService/Logging HTTP/2.0,25,150,200
26/May/2019:17:27:18 +0800,remote_addr,POST /tensorflow.WorkerService/CleanupGraph HTTP/2.0,24,145,200
26/May/2019:17:27:20 +0800,remote_addr,POST /tensorflow.WorkerService/RecvTensor HTTP/2.0,146,168,200
26/May/2019:17:27:20 +0800,remote_addr,POST /tensorflow.WorkerService/RecvTensor HTTP/2.0,155,1069,200
26/May/2019:17:27:20 +0800,remote_addr,POST /tensorflow.WorkerService/RecvTensor HTTP/2.0,224,174,200
26/May/2019:17:27:20 +0800,remote_addr,POST /tensorflow.WorkerService/RecvTensor HTTP/2.0,195,170,200
26/May/2019:17:27:20 +0800,remote_addr,POST /tensorflow.WorkerService/RecvTensor HTTP/2.0,168,4269,200
26/May/2019:17:27:20 +0800,remote_addr,POST /tensorflow.WorkerService/RecvTensor HTTP/2.0,165,8370,200
26/May/2019:17:27:20 +0800,remote_addr,POST /tensorflow.WorkerService/RecvTensor HTTP/2.0,168,2217,200
26/May/2019:17:27:20 +0800,remote_addr,POST /tensorflow.WorkerService/RecvTensor HTTP/2.0,161,189688,200
26/May/2019:17:27:20 +0800,remote_addr,POST /tensorflow.WorkerService/RecvTensor HTTP/2.0,197,75213,200
26/May/2019:17:27:20 +0800,remote_addr,POST /tensorflow.WorkerService/RecvTensor HTTP/2.0,194,150255,200
26/May/2019:17:27:20 +0800,remote_addr,POST /tensorflow.WorkerService/RecvTensor HTTP/2.0,197,815125,200
26/May/2019:17:27:20 +0800,remote_addr,POST /tensorflow.WorkerService/RunGraph HTTP/2.0,46,21863,200
26/May/2019:17:27:20 +0800,remote_addr,POST /tensorflow.WorkerService/Logging HTTP/2.0,14,150,200
26/May/2019:17:27:20 +0800,remote_addr,POST /tensorflow.WorkerService/Logging HTTP/2.0,25,150,200
26/May/2019:17:27:20 +0800,remote_addr,POST /tensorflow.WorkerService/CleanupGraph HTTP/2.0,24,145,200
26/May/2019:17:27:21 +0800,remote_addr,POST /tensorflow.WorkerService/RecvTensor HTTP/2.0,146,168,200
26/May/2019:17:27:21 +0800,remote_addr,POST /tensorflow.WorkerService/RecvTensor HTTP/2.0,155,1069,200
26/May/2019:17:27:21 +0800,remote_addr,POST /tensorflow.WorkerService/RecvTensor HTTP/2.0,224,174,200
26/May/2019:17:27:21 +0800,remote_addr,POST /tensorflow.WorkerService/RecvTensor HTTP/2.0,195,170,200
26/May/2019:17:27:21 +0800,remote_addr,POST /tensorflow.WorkerService/RecvTensor HTTP/2.0,168,4269,200
26/May/2019:17:27:21 +0800,remote_addr,POST /tensorflow.WorkerService/RecvTensor HTTP/2.0,165,8370,200
26/May/2019:17:27:21 +0800,remote_addr,POST /tensorflow.WorkerService/RecvTensor HTTP/2.0,168,2217,200
26/May/2019:17:27:21 +0800,remote_addr,POST /tensorflow.WorkerService/RecvTensor HTTP/2.0,161,189679,200
26/May/2019:17:27:21 +0800,remote_addr,POST /tensorflow.WorkerService/RecvTensor HTTP/2.0,197,77117,200
26/May/2019:17:27:21 +0800,remote_addr,POST /tensorflow.WorkerService/RecvTensor HTTP/2.0,194,154054,200
26/May/2019:17:27:21 +0800,remote_addr,POST /tensorflow.WorkerService/RecvTensor HTTP/2.0,197,830074,200
26/May/2019:17:27:21 +0800,remote_addr,POST /tensorflow.WorkerService/RunGraph HTTP/2.0,46,21864,200
26/May/2019:17:27:21 +0800,remote_addr,POST /tensorflow.WorkerService/Logging HTTP/2.0,14,150,200
26/May/2019:17:27:21 +0800,remote_addr,POST /tensorflow.WorkerService/Logging HTTP/2.0,25,150,200
26/May/2019:17:27:21 +0800,remote_addr,POST /tensorflow.WorkerService/CleanupGraph HTTP/2.0,24,145,200
26/May/2019:17:27:22 +0800,remote_addr,POST /tensorflow.WorkerService/RecvTensor HTTP/2.0,146,168,200
26/May/2019:17:27:22 +0800,remote_addr,POST /tensorflow.WorkerService/RecvTensor HTTP/2.0,155,1069,200
26/May/2019:17:27:22 +0800,remote_addr,POST /tensorflow.WorkerService/RecvTensor HTTP/2.0,195,170,200
26/May/2019:17:27:22 +0800,remote_addr,POST /tensorflow.WorkerService/RecvTensor HTTP/2.0,224,174,200
26/May/2019:17:27:22 +0800,remote_addr,POST /tensorflow.WorkerService/RecvTensor HTTP/2.0,168,4269,200
26/May/2019:17:27:22 +0800,remote_addr,POST /tensorflow.WorkerService/RecvTensor HTTP/2.0,168,2217,200
26/May/2019:17:27:22 +0800,remote_addr,POST /tensorflow.WorkerService/RecvTensor HTTP/2.0,165,8370,200
26/May/2019:17:27:22 +0800,remote_addr,POST /tensorflow.WorkerService/RecvTensor HTTP/2.0,161,189679,200
26/May/2019:17:27:22 +0800,remote_addr,POST /tensorflow.WorkerService/RecvTensor HTTP/2.0,197,75121,200
26/May/2019:17:27:22 +0800,remote_addr,POST /tensorflow.WorkerService/RecvTensor HTTP/2.0,194,150071,200
26/May/2019:17:27:22 +0800,remote_addr,POST /tensorflow.WorkerService/RecvTensor HTTP/2.0,197,805626,200
26/May/2019:17:27:22 +0800,remote_addr,POST /tensorflow.WorkerService/RunGraph HTTP/2.0,46,21863,200
26/May/2019:17:27:22 +0800,remote_addr,POST /tensorflow.WorkerService/Logging HTTP/2.0,14,150,200
26/May/2019:17:27:22 +0800,remote_addr,POST /tensorflow.WorkerService/Logging HTTP/2.0,25,150,200
26/May/2019:17:27:22 +0800,remote_addr,POST /tensorflow.WorkerService/CleanupGraph HTTP/2.0,24,145,200
26/May/2019:17:27:23 +0800,remote_addr,POST /tensorflow.WorkerService/RecvTensor HTTP/2.0,146,168,200
26/May/2019:17:27:23 +0800,remote_addr,POST /tensorflow.WorkerService/RecvTensor HTTP/2.0,195,170,200
26/May/2019:17:27:23 +0800,remote_addr,POST /tensorflow.WorkerService/RecvTensor HTTP/2.0,155,1069,200
26/May/2019:17:27:23 +0800,remote_addr,POST /tensorflow.WorkerService/RecvTensor HTTP/2.0,224,174,200
26/May/2019:17:27:23 +0800,remote_addr,POST /tensorflow.WorkerService/RecvTensor HTTP/2.0,161,189679,200
26/May/2019:17:27:23 +0800,remote_addr,POST /tensorflow.WorkerService/RecvTensor HTTP/2.0,168,4269,200
26/May/2019:17:27:23 +0800,remote_addr,POST /tensorflow.WorkerService/RecvTensor HTTP/2.0,168,2217,200
26/May/2019:17:27:23 +0800,remote_addr,POST /tensorflow.WorkerService/RecvTensor HTTP/2.0,165,8370,200
26/May/2019:17:27:23 +0800,remote_addr,POST /tensorflow.WorkerService/RecvTensor HTTP/2.0,197,76017,200
26/May/2019:17:27:23 +0800,remote_addr,POST /tensorflow.WorkerService/RecvTensor HTTP/2.0,194,151863,200
26/May/2019:17:27:23 +0800,remote_addr,POST /tensorflow.WorkerService/RecvTensor HTTP/2.0,197,815526,200
26/May/2019:17:27:23 +0800,remote_addr,POST /tensorflow.WorkerService/RunGraph HTTP/2.0,46,21863,200
26/May/2019:17:27:23 +0800,remote_addr,POST /tensorflow.WorkerService/Logging HTTP/2.0,14,150,200
26/May/2019:17:27:23 +0800,remote_addr,POST /tensorflow.WorkerService/Logging HTTP/2.0,25,150,200
26/May/2019:17:27:23 +0800,remote_addr,POST /tensorflow.WorkerService/CleanupGraph HTTP/2.0,24,145,200
26/May/2019:17:27:24 +0800,remote_addr,POST /tensorflow.WorkerService/RecvTensor HTTP/2.0,146,168,200
26/May/2019:17:27:24 +0800,remote_addr,POST /tensorflow.WorkerService/RecvTensor HTTP/2.0,224,174,200
26/May/2019:17:27:24 +0800,remote_addr,POST /tensorflow.WorkerService/RecvTensor HTTP/2.0,155,1069,200
26/May/2019:17:27:24 +0800,remote_addr,POST /tensorflow.WorkerService/RecvTensor HTTP/2.0,195,170,200
26/May/2019:17:27:24 +0800,remote_addr,POST /tensorflow.WorkerService/RecvTensor HTTP/2.0,161,189679,200
26/May/2019:17:27:24 +0800,remote_addr,POST /tensorflow.WorkerService/RecvTensor HTTP/2.0,168,4269,200
26/May/2019:17:27:24 +0800,remote_addr,POST /tensorflow.WorkerService/RecvTensor HTTP/2.0,165,8370,200
26/May/2019:17:27:24 +0800,remote_addr,POST /tensorflow.WorkerService/RecvTensor HTTP/2.0,168,2217,200
26/May/2019:17:27:24 +0800,remote_addr,POST /tensorflow.WorkerService/RecvTensor HTTP/2.0,197,77329,200
26/May/2019:17:27:24 +0800,remote_addr,POST /tensorflow.WorkerService/RecvTensor HTTP/2.0,194,154487,200
26/May/2019:17:27:24 +0800,remote_addr,POST /tensorflow.WorkerService/RecvTensor HTTP/2.0,197,807386,200
26/May/2019:17:27:24 +0800,remote_addr,POST /tensorflow.WorkerService/RunGraph HTTP/2.0,46,21862,200
26/May/2019:17:27:24 +0800,remote_addr,POST /tensorflow.WorkerService/Logging HTTP/2.0,14,150,200
26/May/2019:17:27:24 +0800,remote_addr,POST /tensorflow.WorkerService/Logging HTTP/2.0,25,150,200
26/May/2019:17:27:24 +0800,remote_addr,POST /tensorflow.WorkerService/CleanupGraph HTTP/2.0,24,145,200
26/May/2019:17:27:25 +0800,remote_addr,POST /tensorflow.WorkerService/RecvTensor HTTP/2.0,146,168,200
26/May/2019:17:27:25 +0800,remote_addr,POST /tensorflow.WorkerService/RecvTensor HTTP/2.0,155,1069,200
26/May/2019:17:27:25 +0800,remote_addr,POST /tensorflow.WorkerService/RecvTensor HTTP/2.0,224,174,200
26/May/2019:17:27:25 +0800,remote_addr,POST /tensorflow.WorkerService/RecvTensor HTTP/2.0,195,170,200
26/May/2019:17:27:25 +0800,remote_addr,POST /tensorflow.WorkerService/RecvTensor HTTP/2.0,161,189679,200
26/May/2019:17:27:25 +0800,remote_addr,POST /tensorflow.WorkerService/RecvTensor HTTP/2.0,168,4269,200
26/May/2019:17:27:25 +0800,remote_addr,POST /tensorflow.WorkerService/RecvTensor HTTP/2.0,165,8370,200
26/May/2019:17:27:25 +0800,remote_addr,POST /tensorflow.WorkerService/RecvTensor HTTP/2.0,168,2217,200
26/May/2019:17:27:25 +0800,remote_addr,POST /tensorflow.WorkerService/RecvTensor HTTP/2.0,197,76101,200
26/May/2019:17:27:25 +0800,remote_addr,POST /tensorflow.WorkerService/RecvTensor HTTP/2.0,194,152031,200
26/May/2019:17:27:25 +0800,remote_addr,POST /tensorflow.WorkerService/RecvTensor HTTP/2.0,197,792319,200
26/May/2019:17:27:25 +0800,remote_addr,POST /tensorflow.WorkerService/RunGraph HTTP/2.0,46,21863,200
26/May/2019:17:27:25 +0800,remote_addr,POST /tensorflow.WorkerService/Logging HTTP/2.0,14,150,200
26/May/2019:17:27:25 +0800,remote_addr,POST /tensorflow.WorkerService/Logging HTTP/2.0,25,150,200
26/May/2019:17:27:25 +0800,remote_addr,POST /tensorflow.WorkerService/CleanupGraph HTTP/2.0,24,145,200
26/May/2019:17:27:26 +0800,remote_addr,POST /tensorflow.WorkerService/RecvTensor HTTP/2.0,146,168,200
26/May/2019:17:27:26 +0800,remote_addr,POST /tensorflow.WorkerService/RecvTensor HTTP/2.0,155,1069,200
26/May/2019:17:27:26 +0800,remote_addr,POST /tensorflow.WorkerService/RecvTensor HTTP/2.0,224,174,200
26/May/2019:17:27:26 +0800,remote_addr,POST /tensorflow.WorkerService/RecvTensor HTTP/2.0,195,170,200
26/May/2019:17:27:26 +0800,remote_addr,POST /tensorflow.WorkerService/RecvTensor HTTP/2.0,165,8370,200
26/May/2019:17:27:26 +0800,remote_addr,POST /tensorflow.WorkerService/RecvTensor HTTP/2.0,168,4269,200
26/May/2019:17:27:26 +0800,remote_addr,POST /tensorflow.WorkerService/RecvTensor HTTP/2.0,168,2217,200
26/May/2019:17:27:26 +0800,remote_addr,POST /tensorflow.WorkerService/RecvTensor HTTP/2.0,161,189679,200
26/May/2019:17:27:26 +0800,remote_addr,POST /tensorflow.WorkerService/RecvTensor HTTP/2.0,197,78789,200
26/May/2019:17:27:26 +0800,remote_addr,POST /tensorflow.WorkerService/RecvTensor HTTP/2.0,194,157407,200
26/May/2019:17:27:26 +0800,remote_addr,POST /tensorflow.WorkerService/RecvTensor HTTP/2.0,197,820194,200
26/May/2019:17:27:26 +0800,remote_addr,POST /tensorflow.WorkerService/RunGraph HTTP/2.0,46,21863,200
26/May/2019:17:27:26 +0800,remote_addr,POST /tensorflow.WorkerService/Logging HTTP/2.0,14,150,200
26/May/2019:17:27:26 +0800,remote_addr,POST /tensorflow.WorkerService/Logging HTTP/2.0,25,150,200
26/May/2019:17:27:26 +0800,remote_addr,POST /tensorflow.WorkerService/CleanupGraph HTTP/2.0,24,145,200
26/May/2019:17:27:27 +0800,remote_addr,POST /tensorflow.WorkerService/RecvTensor HTTP/2.0,146,168,200
26/May/2019:17:27:27 +0800,remote_addr,POST /tensorflow.WorkerService/RecvTensor HTTP/2.0,155,1069,200
26/May/2019:17:27:27 +0800,remote_addr,POST /tensorflow.WorkerService/RecvTensor HTTP/2.0,224,174,200
26/May/2019:17:27:27 +0800,remote_addr,POST /tensorflow.WorkerService/RecvTensor HTTP/2.0,195,170,200
26/May/2019:17:27:27 +0800,remote_addr,POST /tensorflow.WorkerService/RecvTensor HTTP/2.0,161,189679,200
26/May/2019:17:27:27 +0800,remote_addr,POST /tensorflow.WorkerService/RecvTensor HTTP/2.0,168,4269,200
26/May/2019:17:27:27 +0800,remote_addr,POST /tensorflow.WorkerService/RecvTensor HTTP/2.0,168,2217,200
26/May/2019:17:27:27 +0800,remote_addr,POST /tensorflow.WorkerService/RecvTensor HTTP/2.0,165,8370,200
26/May/2019:17:27:27 +0800,remote_addr,POST /tensorflow.WorkerService/RecvTensor HTTP/2.0,197,78833,200
26/May/2019:17:27:27 +0800,remote_addr,POST /tensorflow.WorkerService/RecvTensor HTTP/2.0,194,157495,200
26/May/2019:17:27:27 +0800,remote_addr,POST /tensorflow.WorkerService/RecvTensor HTTP/2.0,197,815146,200
26/May/2019:17:27:27 +0800,remote_addr,POST /tensorflow.WorkerService/RunGraph HTTP/2.0,46,21862,200
26/May/2019:17:27:27 +0800,remote_addr,POST /tensorflow.WorkerService/Logging HTTP/2.0,14,150,200
26/May/2019:17:27:27 +0800,remote_addr,POST /tensorflow.WorkerService/Logging HTTP/2.0,25,150,200
26/May/2019:17:27:27 +0800,remote_addr,POST /tensorflow.WorkerService/CleanupGraph HTTP/2.0,24,145,200
26/May/2019:17:27:28 +0800,remote_addr,POST /tensorflow.WorkerService/RecvTensor HTTP/2.0,146,168,200
26/May/2019:17:27:28 +0800,remote_addr,POST /tensorflow.WorkerService/RecvTensor HTTP/2.0,155,1069,200
26/May/2019:17:27:28 +0800,remote_addr,POST /tensorflow.WorkerService/RecvTensor HTTP/2.0,195,170,200
26/May/2019:17:27:28 +0800,remote_addr,POST /tensorflow.WorkerService/RecvTensor HTTP/2.0,224,174,200
26/May/2019:17:27:28 +0800,remote_addr,POST /tensorflow.WorkerService/RecvTensor HTTP/2.0,161,189679,200
26/May/2019:17:27:28 +0800,remote_addr,POST /tensorflow.WorkerService/RecvTensor HTTP/2.0,165,8370,200
26/May/2019:17:27:28 +0800,remote_addr,POST /tensorflow.WorkerService/RecvTensor HTTP/2.0,168,2217,200
26/May/2019:17:27:28 +0800,remote_addr,POST /tensorflow.WorkerService/RecvTensor HTTP/2.0,168,4269,200
26/May/2019:17:27:28 +0800,remote_addr,POST /tensorflow.WorkerService/RecvTensor HTTP/2.0,197,78861,200
26/May/2019:17:27:28 +0800,remote_addr,POST /tensorflow.WorkerService/RecvTensor HTTP/2.0,194,157551,200
26/May/2019:17:27:28 +0800,remote_addr,POST /tensorflow.WorkerService/RecvTensor HTTP/2.0,197,812675,200
26/May/2019:17:27:29 +0800,remote_addr,POST /tensorflow.WorkerService/RunGraph HTTP/2.0,46,21861,200
26/May/2019:17:27:29 +0800,remote_addr,POST /tensorflow.WorkerService/Logging HTTP/2.0,14,150,200
26/May/2019:17:27:29 +0800,remote_addr,POST /tensorflow.WorkerService/Logging HTTP/2.0,25,150,200
26/May/2019:17:27:29 +0800,remote_addr,POST /tensorflow.WorkerService/CleanupGraph HTTP/2.0,24,145,200
26/May/2019:17:27:29 +0800,remote_addr,POST /tensorflow.WorkerService/RecvTensor HTTP/2.0,146,168,200
26/May/2019:17:27:29 +0800,remote_addr,POST /tensorflow.WorkerService/RecvTensor HTTP/2.0,155,1069,200
26/May/2019:17:27:29 +0800,remote_addr,POST /tensorflow.WorkerService/RecvTensor HTTP/2.0,195,170,200
26/May/2019:17:27:29 +0800,remote_addr,POST /tensorflow.WorkerService/RecvTensor HTTP/2.0,224,174,200
26/May/2019:17:27:29 +0800,remote_addr,POST /tensorflow.WorkerService/RecvTensor HTTP/2.0,168,4269,200
26/May/2019:17:27:29 +0800,remote_addr,POST /tensorflow.WorkerService/RecvTensor HTTP/2.0,168,2217,200
26/May/2019:17:27:29 +0800,remote_addr,POST /tensorflow.WorkerService/RecvTensor HTTP/2.0,165,8370,200
26/May/2019:17:27:29 +0800,remote_addr,POST /tensorflow.WorkerService/RecvTensor HTTP/2.0,161,189679,200
26/May/2019:17:27:29 +0800,remote_addr,POST /tensorflow.WorkerService/RecvTensor HTTP/2.0,197,82094,200
26/May/2019:17:27:29 +0800,remote_addr,POST /tensorflow.WorkerService/RecvTensor HTTP/2.0,194,164008,200
26/May/2019:17:27:29 +0800,remote_addr,POST /tensorflow.WorkerService/RecvTensor HTTP/2.0,197,825715,200
26/May/2019:17:27:30 +0800,remote_addr,POST /tensorflow.WorkerService/RunGraph HTTP/2.0,46,21861,200
26/May/2019:17:27:30 +0800,remote_addr,POST /tensorflow.WorkerService/Logging HTTP/2.0,14,150,200
26/May/2019:17:27:30 +0800,remote_addr,POST /tensorflow.WorkerService/Logging HTTP/2.0,25,150,200
26/May/2019:17:27:30 +0800,remote_addr,POST /tensorflow.WorkerService/CleanupGraph HTTP/2.0,24,145,200
26/May/2019:17:27:32 +0800,remote_addr,POST /tensorflow.WorkerService/RecvTensor HTTP/2.0,146,168,200
26/May/2019:17:27:32 +0800,remote_addr,POST /tensorflow.WorkerService/RecvTensor HTTP/2.0,224,174,200
26/May/2019:17:27:32 +0800,remote_addr,POST /tensorflow.WorkerService/RecvTensor HTTP/2.0,155,1069,200
26/May/2019:17:27:32 +0800,remote_addr,POST /tensorflow.WorkerService/RecvTensor HTTP/2.0,195,170,200
26/May/2019:17:27:32 +0800,remote_addr,POST /tensorflow.WorkerService/RecvTensor HTTP/2.0,161,189679,200
26/May/2019:17:27:32 +0800,remote_addr,POST /tensorflow.WorkerService/RecvTensor HTTP/2.0,168,4269,200
26/May/2019:17:27:32 +0800,remote_addr,POST /tensorflow.WorkerService/RecvTensor HTTP/2.0,165,8370,200
26/May/2019:17:27:32 +0800,remote_addr,POST /tensorflow.WorkerService/RecvTensor HTTP/2.0,168,2217,200
26/May/2019:17:27:33 +0800,remote_addr,POST /tensorflow.WorkerService/RecvTensor HTTP/2.0,197,81186,200
26/May/2019:17:27:33 +0800,remote_addr,POST /tensorflow.WorkerService/RecvTensor HTTP/2.0,194,162209,200
26/May/2019:17:27:33 +0800,remote_addr,POST /tensorflow.WorkerService/RecvTensor HTTP/2.0,197,827855,200
26/May/2019:17:27:33 +0800,remote_addr,POST /tensorflow.WorkerService/RunGraph HTTP/2.0,46,21865,200
26/May/2019:17:27:33 +0800,remote_addr,POST /tensorflow.WorkerService/Logging HTTP/2.0,14,151,200
26/May/2019:17:27:33 +0800,remote_addr,POST /tensorflow.WorkerService/Logging HTTP/2.0,25,151,200
26/May/2019:17:27:33 +0800,remote_addr,POST /tensorflow.WorkerService/CleanupGraph HTTP/2.0,24,146,200
26/May/2019:17:27:34 +0800,remote_addr,POST /tensorflow.WorkerService/RecvTensor HTTP/2.0,146,169,200
26/May/2019:17:27:34 +0800,remote_addr,POST /tensorflow.WorkerService/RecvTensor HTTP/2.0,155,1070,200
26/May/2019:17:27:34 +0800,remote_addr,POST /tensorflow.WorkerService/RecvTensor HTTP/2.0,224,175,200
26/May/2019:17:27:34 +0800,remote_addr,POST /tensorflow.WorkerService/RecvTensor HTTP/2.0,195,171,200
26/May/2019:17:27:34 +0800,remote_addr,POST /tensorflow.WorkerService/RecvTensor HTTP/2.0,161,189680,200
26/May/2019:17:27:34 +0800,remote_addr,POST /tensorflow.WorkerService/RecvTensor HTTP/2.0,168,4270,200
26/May/2019:17:27:34 +0800,remote_addr,POST /tensorflow.WorkerService/RecvTensor HTTP/2.0,168,2218,200
26/May/2019:17:27:34 +0800,remote_addr,POST /tensorflow.WorkerService/RecvTensor HTTP/2.0,165,8371,200
26/May/2019:17:27:34 +0800,remote_addr,POST /tensorflow.WorkerService/RecvTensor HTTP/2.0,197,80831,200
26/May/2019:17:27:34 +0800,remote_addr,POST /tensorflow.WorkerService/RecvTensor HTTP/2.0,194,161472,200
26/May/2019:17:27:34 +0800,remote_addr,POST /tensorflow.WorkerService/RecvTensor HTTP/2.0,197,827825,200
26/May/2019:17:27:34 +0800,remote_addr,POST /tensorflow.WorkerService/RunGraph HTTP/2.0,46,21865,200
26/May/2019:17:27:34 +0800,remote_addr,POST /tensorflow.WorkerService/Logging HTTP/2.0,14,151,200
26/May/2019:17:27:34 +0800,remote_addr,POST /tensorflow.WorkerService/Logging HTTP/2.0,25,151,200
26/May/2019:17:27:34 +0800,remote_addr,POST /tensorflow.WorkerService/CleanupGraph HTTP/2.0,24,146,200
26/May/2019:17:27:35 +0800,remote_addr,POST /tensorflow.WorkerService/RecvTensor HTTP/2.0,146,169,200
26/May/2019:17:27:35 +0800,remote_addr,POST /tensorflow.WorkerService/RecvTensor HTTP/2.0,155,1070,200
26/May/2019:17:27:35 +0800,remote_addr,POST /tensorflow.WorkerService/RecvTensor HTTP/2.0,224,175,200
26/May/2019:17:27:35 +0800,remote_addr,POST /tensorflow.WorkerService/RecvTensor HTTP/2.0,195,171,200
26/May/2019:17:27:35 +0800,remote_addr,POST /tensorflow.WorkerService/RecvTensor HTTP/2.0,161,189689,200
26/May/2019:17:27:35 +0800,remote_addr,POST /tensorflow.WorkerService/RecvTensor HTTP/2.0,165,8371,200
26/May/2019:17:27:35 +0800,remote_addr,POST /tensorflow.WorkerService/RecvTensor HTTP/2.0,168,2218,200
26/May/2019:17:27:35 +0800,remote_addr,POST /tensorflow.WorkerService/RecvTensor HTTP/2.0,168,4270,200
26/May/2019:17:27:35 +0800,remote_addr,POST /tensorflow.WorkerService/RecvTensor HTTP/2.0,197,83079,200
26/May/2019:17:27:35 +0800,remote_addr,POST /tensorflow.WorkerService/RecvTensor HTTP/2.0,194,165986,200
26/May/2019:17:27:35 +0800,remote_addr,POST /tensorflow.WorkerService/RecvTensor HTTP/2.0,197,836063,200
26/May/2019:17:27:35 +0800,remote_addr,POST /tensorflow.WorkerService/RunGraph HTTP/2.0,46,21862,200
26/May/2019:17:27:35 +0800,remote_addr,POST /tensorflow.WorkerService/Logging HTTP/2.0,25,151,200
26/May/2019:17:27:35 +0800,remote_addr,POST /tensorflow.WorkerService/Logging HTTP/2.0,14,151,200
26/May/2019:17:27:35 +0800,remote_addr,POST /tensorflow.WorkerService/CleanupGraph HTTP/2.0,24,146,200
26/May/2019:17:27:36 +0800,remote_addr,POST /tensorflow.WorkerService/RecvTensor HTTP/2.0,146,169,200
26/May/2019:17:27:36 +0800,remote_addr,POST /tensorflow.WorkerService/RecvTensor HTTP/2.0,195,171,200
26/May/2019:17:27:36 +0800,remote_addr,POST /tensorflow.WorkerService/RecvTensor HTTP/2.0,224,175,200
26/May/2019:17:27:36 +0800,remote_addr,POST /tensorflow.WorkerService/RecvTensor HTTP/2.0,155,1070,200
26/May/2019:17:27:36 +0800,remote_addr,POST /tensorflow.WorkerService/RecvTensor HTTP/2.0,161,189680,200
26/May/2019:17:27:36 +0800,remote_addr,POST /tensorflow.WorkerService/RecvTensor HTTP/2.0,168,4270,200
26/May/2019:17:27:36 +0800,remote_addr,POST /tensorflow.WorkerService/RecvTensor HTTP/2.0,165,8371,200
26/May/2019:17:27:36 +0800,remote_addr,POST /tensorflow.WorkerService/RecvTensor HTTP/2.0,168,2218,200
26/May/2019:17:27:36 +0800,remote_addr,POST /tensorflow.WorkerService/RecvTensor HTTP/2.0,197,82603,200
26/May/2019:17:27:36 +0800,remote_addr,POST /tensorflow.WorkerService/RecvTensor HTTP/2.0,194,165034,200
26/May/2019:17:27:36 +0800,remote_addr,POST /tensorflow.WorkerService/RecvTensor HTTP/2.0,197,827686,200
26/May/2019:17:27:37 +0800,remote_addr,POST /tensorflow.WorkerService/RunGraph HTTP/2.0,46,21867,200
26/May/2019:17:27:37 +0800,remote_addr,POST /tensorflow.WorkerService/Logging HTTP/2.0,14,151,200
26/May/2019:17:27:37 +0800,remote_addr,POST /tensorflow.WorkerService/Logging HTTP/2.0,25,151,200
26/May/2019:17:27:37 +0800,remote_addr,POST /tensorflow.WorkerService/CleanupGraph HTTP/2.0,24,146,200
26/May/2019:17:27:37 +0800,remote_addr,POST /tensorflow.WorkerService/RecvTensor HTTP/2.0,146,169,200
26/May/2019:17:27:37 +0800,remote_addr,POST /tensorflow.WorkerService/RecvTensor HTTP/2.0,224,175,200
26/May/2019:17:27:37 +0800,remote_addr,POST /tensorflow.WorkerService/RecvTensor HTTP/2.0,155,1070,200
26/May/2019:17:27:37 +0800,remote_addr,POST /tensorflow.WorkerService/RecvTensor HTTP/2.0,195,171,200
26/May/2019:17:27:37 +0800,remote_addr,POST /tensorflow.WorkerService/RecvTensor HTTP/2.0,161,189680,200
26/May/2019:17:27:37 +0800,remote_addr,POST /tensorflow.WorkerService/RecvTensor HTTP/2.0,165,8371,200
26/May/2019:17:27:37 +0800,remote_addr,POST /tensorflow.WorkerService/RecvTensor HTTP/2.0,168,2218,200
26/May/2019:17:27:37 +0800,remote_addr,POST /tensorflow.WorkerService/RecvTensor HTTP/2.0,168,4270,200
26/May/2019:17:27:37 +0800,remote_addr,POST /tensorflow.WorkerService/RecvTensor HTTP/2.0,197,83959,200
26/May/2019:17:27:37 +0800,remote_addr,POST /tensorflow.WorkerService/RecvTensor HTTP/2.0,194,167746,200
26/May/2019:17:27:37 +0800,remote_addr,POST /tensorflow.WorkerService/RecvTensor HTTP/2.0,197,824445,200
26/May/2019:17:27:38 +0800,remote_addr,POST /tensorflow.WorkerService/RunGraph HTTP/2.0,46,21863,200
26/May/2019:17:27:38 +0800,remote_addr,POST /tensorflow.WorkerService/Logging HTTP/2.0,14,151,200
26/May/2019:17:27:38 +0800,remote_addr,POST /tensorflow.WorkerService/Logging HTTP/2.0,25,151,200
26/May/2019:17:27:38 +0800,remote_addr,POST /tensorflow.WorkerService/CleanupGraph HTTP/2.0,24,146,200
26/May/2019:17:27:38 +0800,remote_addr,POST /tensorflow.WorkerService/RecvTensor HTTP/2.0,146,169,200
26/May/2019:17:27:38 +0800,remote_addr,POST /tensorflow.WorkerService/RecvTensor HTTP/2.0,195,171,200
26/May/2019:17:27:38 +0800,remote_addr,POST /tensorflow.WorkerService/RecvTensor HTTP/2.0,224,175,200
26/May/2019:17:27:38 +0800,remote_addr,POST /tensorflow.WorkerService/RecvTensor HTTP/2.0,155,1070,200
26/May/2019:17:27:38 +0800,remote_addr,POST /tensorflow.WorkerService/RecvTensor HTTP/2.0,168,4270,200
26/May/2019:17:27:38 +0800,remote_addr,POST /tensorflow.WorkerService/RecvTensor HTTP/2.0,165,8371,200
26/May/2019:17:27:38 +0800,remote_addr,POST /tensorflow.WorkerService/RecvTensor HTTP/2.0,168,2218,200
26/May/2019:17:27:38 +0800,remote_addr,POST /tensorflow.WorkerService/RecvTensor HTTP/2.0,161,189680,200
26/May/2019:17:27:39 +0800,remote_addr,POST /tensorflow.WorkerService/RecvTensor HTTP/2.0,197,83795,200
26/May/2019:17:27:39 +0800,remote_addr,POST /tensorflow.WorkerService/RecvTensor HTTP/2.0,194,167409,200
26/May/2019:17:27:39 +0800,remote_addr,POST /tensorflow.WorkerService/RecvTensor HTTP/2.0,197,817087,200
26/May/2019:17:27:39 +0800,remote_addr,POST /tensorflow.WorkerService/RunGraph HTTP/2.0,46,21865,200
26/May/2019:17:27:39 +0800,remote_addr,POST /tensorflow.WorkerService/Logging HTTP/2.0,14,151,200
26/May/2019:17:27:39 +0800,remote_addr,POST /tensorflow.WorkerService/Logging HTTP/2.0,25,151,200
26/May/2019:17:27:39 +0800,remote_addr,POST /tensorflow.WorkerService/CleanupGraph HTTP/2.0,24,146,200
26/May/2019:17:27:39 +0800,remote_addr,POST /tensorflow.WorkerService/RecvTensor HTTP/2.0,146,169,200
26/May/2019:17:27:39 +0800,remote_addr,POST /tensorflow.WorkerService/RecvTensor HTTP/2.0,224,175,200
26/May/2019:17:27:39 +0800,remote_addr,POST /tensorflow.WorkerService/RecvTensor HTTP/2.0,155,1070,200
26/May/2019:17:27:39 +0800,remote_addr,POST /tensorflow.WorkerService/RecvTensor HTTP/2.0,195,171,200
26/May/2019:17:27:39 +0800,remote_addr,POST /tensorflow.WorkerService/RecvTensor HTTP/2.0,161,189680,200
26/May/2019:17:27:40 +0800,remote_addr,POST /tensorflow.WorkerService/RecvTensor HTTP/2.0,197,83938,200
26/May/2019:17:27:40 +0800,remote_addr,POST /tensorflow.WorkerService/RecvTensor HTTP/2.0,194,167705,200
26/May/2019:17:27:40 +0800,remote_addr,POST /tensorflow.WorkerService/RecvTensor HTTP/2.0,197,833563,200
26/May/2019:17:28:39 +0800,remote_addr,POST /tensorflow.WorkerService/RunGraph HTTP/2.0,46,240,504
26/May/2019:17:28:39 +0800,remote_addr,POST /tensorflow.WorkerService/RecvTensor HTTP/2.0,165,111,200
26/May/2019:17:28:39 +0800,remote_addr,POST /tensorflow.WorkerService/RecvTensor HTTP/2.0,168,111,200
26/May/2019:17:28:39 +0800,remote_addr,POST /tensorflow.WorkerService/RecvTensor HTTP/2.0,168,111,200
26/May/2019:17:28:39 +0800,remote_addr,POST /tensorflow.WorkerService/CleanupGraph HTTP/2.0,24,146,200
26/May/2019:17:28:39 +0800,remote_addr,POST /tensorflow.WorkerService/DeregisterGraph HTTP/2.0,75,146,200
26/May/2019:17:28:39 +0800,remote_addr,POST /tensorflow.WorkerService/DeregisterGraph HTTP/2.0,75,146,200
26/May/2019:17:28:39 +0800,remote_addr,POST /tensorflow.WorkerService/DeregisterGraph HTTP/2.0,75,146,200
26/May/2019:17:28:39 +0800,remote_addr,POST /tensorflow.WorkerService/DeregisterGraph HTTP/2.0,75,146,200
26/May/2019:17:28:39 +0800,remote_addr,POST /tensorflow.WorkerService/DeregisterGraph HTTP/2.0,75,146,200
26/May/2019:17:28:39 +0800,remote_addr,POST /tensorflow.WorkerService/DeregisterGraph HTTP/2.0,75,146,200
26/May/2019:17:28:39 +0800,remote_addr,POST /tensorflow.WorkerService/DeregisterGraph HTTP/2.0,75,146,200
26/May/2019:17:28:39 +0800,remote_addr,POST /tensorflow.WorkerService/DeregisterGraph HTTP/2.0,75,146,200
26/May/2019:17:28:39 +0800,remote_addr,POST /tensorflow.WorkerService/DeregisterGraph HTTP/2.0,75,146,200
26/May/2019:17:28:39 +0800,remote_addr,POST /tensorflow.WorkerService/DeregisterGraph HTTP/2.0,75,146,200
26/May/2019:17:28:39 +0800,remote_addr,POST /tensorflow.WorkerService/DeregisterGraph HTTP/2.0,75,146,200
